mode: set
github.com/blackwell-systems/knowing/internal/embedding/embedding.go:41.31,43.16 2 0
github.com/blackwell-systems/knowing/internal/embedding/embedding.go:43.16,45.3 1 0
github.com/blackwell-systems/knowing/internal/embedding/embedding.go:47.2,48.16 2 0
github.com/blackwell-systems/knowing/internal/embedding/embedding.go:48.16,51.3 2 0
github.com/blackwell-systems/knowing/internal/embedding/embedding.go:53.2,63.16 3 0
github.com/blackwell-systems/knowing/internal/embedding/embedding.go:63.16,66.3 2 0
github.com/blackwell-systems/knowing/internal/embedding/embedding.go:68.2,75.8 3 0
github.com/blackwell-systems/knowing/internal/embedding/embedding.go:79.79,81.16 2 0
github.com/blackwell-systems/knowing/internal/embedding/embedding.go:81.16,83.3 1 0
github.com/blackwell-systems/knowing/internal/embedding/embedding.go:84.2,84.20 1 0
github.com/blackwell-systems/knowing/internal/embedding/embedding.go:84.20,86.3 1 0
github.com/blackwell-systems/knowing/internal/embedding/embedding.go:87.2,87.21 1 0
github.com/blackwell-systems/knowing/internal/embedding/embedding.go:91.89,96.16 4 0
github.com/blackwell-systems/knowing/internal/embedding/embedding.go:96.16,98.3 1 0
github.com/blackwell-systems/knowing/internal/embedding/embedding.go:99.2,99.31 1 0
github.com/blackwell-systems/knowing/internal/embedding/embedding.go:103.56,111.2 4 0
github.com/blackwell-systems/knowing/internal/embedding/embedding.go:114.60,117.18 3 0
github.com/blackwell-systems/knowing/internal/embedding/embedding.go:117.18,119.3 1 0
github.com/blackwell-systems/knowing/internal/embedding/embedding.go:120.2,122.28 3 0
github.com/blackwell-systems/knowing/internal/embedding/embedding.go:122.28,124.3 1 0
github.com/blackwell-systems/knowing/internal/embedding/embedding.go:125.2,125.12 1 0
github.com/blackwell-systems/knowing/internal/embedding/embedding.go:129.32,133.2 3 0
github.com/blackwell-systems/knowing/internal/embedding/embedding.go:136.34,137.22 1 0
github.com/blackwell-systems/knowing/internal/embedding/embedding.go:137.22,139.3 1 0
github.com/blackwell-systems/knowing/internal/embedding/embedding.go:140.2,140.12 1 0
github.com/blackwell-systems/knowing/internal/embedding/embedding.go:144.36,150.78 4 0
github.com/blackwell-systems/knowing/internal/embedding/embedding.go:150.78,151.86 1 0
github.com/blackwell-systems/knowing/internal/embedding/embedding.go:151.86,153.4 1 0
github.com/blackwell-systems/knowing/internal/embedding/embedding.go:156.2,159.16 4 0
github.com/blackwell-systems/knowing/internal/embedding/embedding.go:159.16,161.3 1 0
github.com/blackwell-systems/knowing/internal/embedding/embedding.go:162.2,162.18 1 0
github.com/blackwell-systems/knowing/internal/embedding/searcher.go:20.41,22.2 1 0
github.com/blackwell-systems/knowing/internal/embedding/searcher.go:25.99,26.29 1 0
github.com/blackwell-systems/knowing/internal/embedding/searcher.go:26.29,28.3 1 0
github.com/blackwell-systems/knowing/internal/embedding/searcher.go:30.2,31.16 2 0
github.com/blackwell-systems/knowing/internal/embedding/searcher.go:31.16,33.3 1 0
github.com/blackwell-systems/knowing/internal/embedding/searcher.go:35.2,37.25 3 0
github.com/blackwell-systems/knowing/internal/embedding/searcher.go:37.25,39.17 2 0
github.com/blackwell-systems/knowing/internal/embedding/searcher.go:39.17,40.12 1 0
github.com/blackwell-systems/knowing/internal/embedding/searcher.go:42.3,42.29 1 0
github.com/blackwell-systems/knowing/internal/embedding/searcher.go:44.2,44.20 1 0
github.com/blackwell-systems/knowing/internal/embedding/searcher.go:49.91,52.16 3 0
github.com/blackwell-systems/knowing/internal/embedding/searcher.go:52.16,54.3 1 0
github.com/blackwell-systems/knowing/internal/embedding/searcher.go:55.2,56.12 2 0
github.com/blackwell-systems/knowing/internal/embedding/searcher.go:61.98,62.21 1 0
github.com/blackwell-systems/knowing/internal/embedding/searcher.go:62.21,64.3 1 0
github.com/blackwell-systems/knowing/internal/embedding/searcher.go:66.2,67.26 2 0
github.com/blackwell-systems/knowing/internal/embedding/searcher.go:67.26,69.3 1 0
github.com/blackwell-systems/knowing/internal/embedding/searcher.go:71.2,72.16 2 0
github.com/blackwell-systems/knowing/internal/embedding/searcher.go:72.16,74.3 1 0
github.com/blackwell-systems/knowing/internal/embedding/searcher.go:76.2,76.27 1 0
github.com/blackwell-systems/knowing/internal/embedding/searcher.go:76.27,78.3 1 0
github.com/blackwell-systems/knowing/internal/embedding/searcher.go:79.2,79.12 1 0
github.com/blackwell-systems/knowing/internal/embedding/searcher.go:83.32,85.2 1 0
github.com/blackwell-systems/knowing/internal/embedding/searcher.go:88.34,90.2 1 0
github.com/blackwell-systems/knowing/internal/embedding/searcher.go:100.42,105.17 2 0
github.com/blackwell-systems/knowing/internal/embedding/searcher.go:105.17,107.3 1 0
github.com/blackwell-systems/knowing/internal/embedding/searcher.go:111.2,116.49 4 0
github.com/blackwell-systems/knowing/internal/embedding/searcher.go:116.49,118.48 2 0
github.com/blackwell-systems/knowing/internal/embedding/searcher.go:118.48,121.4 2 0
github.com/blackwell-systems/knowing/internal/embedding/searcher.go:125.2,125.16 1 0
github.com/blackwell-systems/knowing/internal/embedding/searcher.go:126.18,127.36 1 0
github.com/blackwell-systems/knowing/internal/embedding/searcher.go:128.16,129.44 1 0
github.com/blackwell-systems/knowing/internal/embedding/searcher.go:130.14,131.43 1 0
github.com/blackwell-systems/knowing/internal/embedding/searcher.go:132.19,133.46 1 0
github.com/blackwell-systems/knowing/internal/embedding/searcher.go:134.15,135.42 1 0
github.com/blackwell-systems/knowing/internal/embedding/searcher.go:136.13,137.36 1 0
github.com/blackwell-systems/knowing/internal/embedding/searcher.go:138.10,139.32 1 0
github.com/blackwell-systems/knowing/internal/embedding/searcher.go:145.2,149.15 3 0
github.com/blackwell-systems/knowing/internal/embedding/searcher.go:149.15,151.3 1 0
github.com/blackwell-systems/knowing/internal/embedding/searcher.go:154.2,154.23 1 0
github.com/blackwell-systems/knowing/internal/embedding/searcher.go:154.23,159.50 3 0
github.com/blackwell-systems/knowing/internal/embedding/searcher.go:159.50,161.4 1 0
github.com/blackwell-systems/knowing/internal/embedding/searcher.go:162.3,162.31 1 0
github.com/blackwell-systems/knowing/internal/embedding/searcher.go:162.31,164.4 1 0
github.com/blackwell-systems/knowing/internal/embedding/searcher.go:167.2,167.33 1 0
github.com/blackwell-systems/knowing/internal/embedding/searcher.go:174.42,181.22 4 0
github.com/blackwell-systems/knowing/internal/embedding/searcher.go:181.22,182.36 1 0
github.com/blackwell-systems/knowing/internal/embedding/searcher.go:182.36,184.34 2 0
github.com/blackwell-systems/knowing/internal/embedding/searcher.go:184.34,186.5 1 0
github.com/blackwell-systems/knowing/internal/embedding/searcher.go:186.10,186.91 1 0
github.com/blackwell-systems/knowing/internal/embedding/searcher.go:186.91,188.5 1 0
github.com/blackwell-systems/knowing/internal/embedding/searcher.go:190.3,190.29 1 0
github.com/blackwell-systems/knowing/internal/embedding/searcher.go:192.2,192.23 1 0
github.com/blackwell-systems/knowing/internal/embedding/searcher.go:195.48,198.16 3 0
github.com/blackwell-systems/knowing/internal/embedding/searcher.go:198.16,200.3 1 0
github.com/blackwell-systems/knowing/internal/embedding/searcher.go:201.2,201.18 1 0
github.com/blackwell-systems/knowing/internal/embedding/searcher.go:201.18,203.3 1 0
github.com/blackwell-systems/knowing/internal/embedding/searcher.go:204.2,205.18 2 0
github.com/blackwell-systems/knowing/internal/diff/impact.go:14.122,16.16 2 1
github.com/blackwell-systems/knowing/internal/diff/impact.go:16.16,18.3 1 0
github.com/blackwell-systems/knowing/internal/diff/impact.go:20.2,30.40 4 1
github.com/blackwell-systems/knowing/internal/diff/impact.go:30.40,32.17 2 0
github.com/blackwell-systems/knowing/internal/diff/impact.go:32.17,34.4 1 0
github.com/blackwell-systems/knowing/internal/diff/impact.go:36.3,42.17 3 0
github.com/blackwell-systems/knowing/internal/diff/impact.go:42.17,44.4 1 0
github.com/blackwell-systems/knowing/internal/diff/impact.go:45.3,45.16 1 0
github.com/blackwell-systems/knowing/internal/diff/impact.go:45.16,46.38 1 0
github.com/blackwell-systems/knowing/internal/diff/impact.go:46.38,47.31 1 0
github.com/blackwell-systems/knowing/internal/diff/impact.go:47.31,51.6 3 0
github.com/blackwell-systems/knowing/internal/diff/impact.go:55.3,56.17 2 0
github.com/blackwell-systems/knowing/internal/diff/impact.go:56.17,58.4 1 0
github.com/blackwell-systems/knowing/internal/diff/impact.go:59.3,59.29 1 0
github.com/blackwell-systems/knowing/internal/diff/impact.go:59.29,63.4 3 0
github.com/blackwell-systems/knowing/internal/diff/impact.go:65.3,67.64 3 0
github.com/blackwell-systems/knowing/internal/diff/impact.go:71.2,71.38 1 1
github.com/blackwell-systems/knowing/internal/diff/impact.go:71.38,73.17 2 0
github.com/blackwell-systems/knowing/internal/diff/impact.go:73.17,75.4 1 0
github.com/blackwell-systems/knowing/internal/diff/impact.go:77.3,83.17 3 0
github.com/blackwell-systems/knowing/internal/diff/impact.go:83.17,85.4 1 0
github.com/blackwell-systems/knowing/internal/diff/impact.go:86.3,86.29 1 0
github.com/blackwell-systems/knowing/internal/diff/impact.go:86.29,90.4 3 0
github.com/blackwell-systems/knowing/internal/diff/impact.go:92.3,93.64 2 0
github.com/blackwell-systems/knowing/internal/diff/impact.go:97.2,97.42 1 1
github.com/blackwell-systems/knowing/internal/diff/impact.go:97.42,99.17 2 1
github.com/blackwell-systems/knowing/internal/diff/impact.go:99.17,101.4 1 0
github.com/blackwell-systems/knowing/internal/diff/impact.go:102.3,102.22 1 1
github.com/blackwell-systems/knowing/internal/diff/impact.go:102.22,103.12 1 0
github.com/blackwell-systems/knowing/internal/diff/impact.go:105.3,113.17 4 1
github.com/blackwell-systems/knowing/internal/diff/impact.go:113.17,115.4 1 0
github.com/blackwell-systems/knowing/internal/diff/impact.go:116.3,116.16 1 1
github.com/blackwell-systems/knowing/internal/diff/impact.go:116.16,117.38 1 1
github.com/blackwell-systems/knowing/internal/diff/impact.go:117.38,118.31 1 1
github.com/blackwell-systems/knowing/internal/diff/impact.go:118.31,122.6 3 1
github.com/blackwell-systems/knowing/internal/diff/impact.go:126.3,127.17 2 1
github.com/blackwell-systems/knowing/internal/diff/impact.go:127.17,129.4 1 0
github.com/blackwell-systems/knowing/internal/diff/impact.go:130.3,130.29 1 1
github.com/blackwell-systems/knowing/internal/diff/impact.go:130.29,134.4 3 1
github.com/blackwell-systems/knowing/internal/diff/impact.go:136.3,138.64 3 1
github.com/blackwell-systems/knowing/internal/diff/impact.go:142.2,154.20 5 1
github.com/blackwell-systems/knowing/internal/diff/impact.go:158.46,160.16 2 1
github.com/blackwell-systems/knowing/internal/diff/impact.go:160.16,162.3 1 1
github.com/blackwell-systems/knowing/internal/diff/impact.go:163.2,163.18 1 1
github.com/blackwell-systems/knowing/internal/diff/impact.go:163.18,165.3 1 1
github.com/blackwell-systems/knowing/internal/diff/impact.go:166.2,168.15 3 1
github.com/blackwell-systems/knowing/internal/diff/impact.go:172.41,173.9 1 1
github.com/blackwell-systems/knowing/internal/diff/impact.go:174.25,175.16 1 1
github.com/blackwell-systems/knowing/internal/diff/impact.go:176.24,177.18 1 1
github.com/blackwell-systems/knowing/internal/diff/impact.go:178.10,179.15 1 1
github.com/blackwell-systems/knowing/internal/diff/semantic.go:14.130,16.16 2 1
github.com/blackwell-systems/knowing/internal/diff/semantic.go:16.16,18.3 1 0
github.com/blackwell-systems/knowing/internal/diff/semantic.go:20.2,30.36 4 1
github.com/blackwell-systems/knowing/internal/diff/semantic.go:30.36,33.3 2 0
github.com/blackwell-systems/knowing/internal/diff/semantic.go:36.2,36.38 1 1
github.com/blackwell-systems/knowing/internal/diff/semantic.go:36.38,39.3 2 0
github.com/blackwell-systems/knowing/internal/diff/semantic.go:42.2,49.36 3 1
github.com/blackwell-systems/knowing/internal/diff/semantic.go:49.36,53.59 3 1
github.com/blackwell-systems/knowing/internal/diff/semantic.go:53.59,54.53 1 1
github.com/blackwell-systems/knowing/internal/diff/semantic.go:54.53,56.5 1 1
github.com/blackwell-systems/knowing/internal/diff/semantic.go:57.4,57.93 1 1
github.com/blackwell-systems/knowing/internal/diff/semantic.go:62.2,62.38 1 1
github.com/blackwell-systems/knowing/internal/diff/semantic.go:62.38,66.59 3 1
github.com/blackwell-systems/knowing/internal/diff/semantic.go:66.59,67.53 1 1
github.com/blackwell-systems/knowing/internal/diff/semantic.go:67.53,69.5 1 1
github.com/blackwell-systems/knowing/internal/diff/semantic.go:70.4,70.97 1 1
github.com/blackwell-systems/knowing/internal/diff/semantic.go:76.2,76.53 1 1
github.com/blackwell-systems/knowing/internal/diff/semantic.go:76.53,78.17 2 1
github.com/blackwell-systems/knowing/internal/diff/semantic.go:78.17,80.4 1 0
github.com/blackwell-systems/knowing/internal/diff/semantic.go:81.3,83.18 3 1
github.com/blackwell-systems/knowing/internal/diff/semantic.go:83.18,86.4 2 1
github.com/blackwell-systems/knowing/internal/diff/semantic.go:87.3,92.5 1 1
github.com/blackwell-systems/knowing/internal/diff/semantic.go:96.2,104.20 2 1
github.com/blackwell-systems/knowing/internal/diff/semantic.go:108.44,116.2 1 1
github.com/blackwell-systems/knowing/internal/diff/semantic.go:119.87,127.30 3 1
github.com/blackwell-systems/knowing/internal/diff/semantic.go:127.30,129.3 1 1
github.com/blackwell-systems/knowing/internal/diff/semantic.go:131.2,132.30 2 1
github.com/blackwell-systems/knowing/internal/diff/semantic.go:132.30,134.3 1 1
github.com/blackwell-systems/knowing/internal/diff/semantic.go:136.2,136.11 1 1
github.com/blackwell-systems/knowing/internal/enrichment/config.go:27.57,29.33 2 0
github.com/blackwell-systems/knowing/internal/enrichment/config.go:29.33,30.32 1 0
github.com/blackwell-systems/knowing/internal/enrichment/config.go:30.32,32.4 1 0
github.com/blackwell-systems/knowing/internal/enrichment/config.go:34.2,34.14 1 0
github.com/blackwell-systems/knowing/internal/enrichment/config.go:38.53,40.16 2 0
github.com/blackwell-systems/knowing/internal/enrichment/config.go:40.16,42.3 1 0
github.com/blackwell-systems/knowing/internal/enrichment/config.go:43.2,44.51 2 0
github.com/blackwell-systems/knowing/internal/enrichment/config.go:44.51,46.3 1 0
github.com/blackwell-systems/knowing/internal/enrichment/config.go:47.2,47.18 1 0
github.com/blackwell-systems/knowing/internal/enrichment/config.go:53.56,57.75 2 0
github.com/blackwell-systems/knowing/internal/enrichment/config.go:57.75,58.46 1 0
github.com/blackwell-systems/knowing/internal/enrichment/config.go:58.46,64.4 1 0
github.com/blackwell-systems/knowing/internal/enrichment/config.go:68.2,68.60 1 0
github.com/blackwell-systems/knowing/internal/enrichment/config.go:68.60,69.67 1 0
github.com/blackwell-systems/knowing/internal/enrichment/config.go:69.67,75.4 1 0
github.com/blackwell-systems/knowing/internal/enrichment/config.go:79.2,79.77 1 0
github.com/blackwell-systems/knowing/internal/enrichment/config.go:79.77,80.46 1 0
github.com/blackwell-systems/knowing/internal/enrichment/config.go:80.46,86.4 1 0
github.com/blackwell-systems/knowing/internal/enrichment/config.go:86.9,86.66 1 0
github.com/blackwell-systems/knowing/internal/enrichment/config.go:86.66,92.4 1 0
github.com/blackwell-systems/knowing/internal/enrichment/config.go:96.2,96.79 1 0
github.com/blackwell-systems/knowing/internal/enrichment/config.go:96.79,97.54 1 0
github.com/blackwell-systems/knowing/internal/enrichment/config.go:97.54,103.4 1 0
github.com/blackwell-systems/knowing/internal/enrichment/config.go:107.2,107.74 1 0
github.com/blackwell-systems/knowing/internal/enrichment/config.go:107.74,108.46 1 0
github.com/blackwell-systems/knowing/internal/enrichment/config.go:108.46,114.4 1 0
github.com/blackwell-systems/knowing/internal/enrichment/config.go:118.2,118.49 1 0
github.com/blackwell-systems/knowing/internal/enrichment/config.go:118.49,119.50 1 0
github.com/blackwell-systems/knowing/internal/enrichment/config.go:119.50,125.4 1 0
github.com/blackwell-systems/knowing/internal/enrichment/config.go:128.2,128.37 1 0
github.com/blackwell-systems/knowing/internal/enrichment/config.go:131.47,132.29 1 0
github.com/blackwell-systems/knowing/internal/enrichment/config.go:132.29,133.62 1 0
github.com/blackwell-systems/knowing/internal/enrichment/config.go:133.62,135.4 1 0
github.com/blackwell-systems/knowing/internal/enrichment/config.go:137.2,137.14 1 0
github.com/blackwell-systems/knowing/internal/enrichment/config.go:140.51,141.35 1 0
github.com/blackwell-systems/knowing/internal/enrichment/config.go:141.35,143.23 2 0
github.com/blackwell-systems/knowing/internal/enrichment/config.go:143.23,145.4 1 0
github.com/blackwell-systems/knowing/internal/enrichment/config.go:147.2,147.14 1 0
github.com/blackwell-systems/knowing/internal/enrichment/config.go:153.48,155.2 1 0
github.com/blackwell-systems/knowing/internal/enrichment/enricher.go:56.74,61.2 1 1
github.com/blackwell-systems/knowing/internal/enrichment/enricher.go:64.49,66.2 1 1
github.com/blackwell-systems/knowing/internal/enrichment/enricher.go:85.72,87.2 1 1
github.com/blackwell-systems/knowing/internal/enrichment/enricher.go:91.101,92.28 1 1
github.com/blackwell-systems/knowing/internal/enrichment/enricher.go:92.28,94.3 1 1
github.com/blackwell-systems/knowing/internal/enrichment/enricher.go:95.2,96.33 2 0
github.com/blackwell-systems/knowing/internal/enrichment/enricher.go:96.33,98.3 1 0
github.com/blackwell-systems/knowing/internal/enrichment/enricher.go:99.2,99.39 1 0
github.com/blackwell-systems/knowing/internal/enrichment/enricher.go:99.39,102.3 2 0
github.com/blackwell-systems/knowing/internal/enrichment/enricher.go:103.2,103.49 1 0
github.com/blackwell-systems/knowing/internal/enrichment/enricher.go:110.110,113.16 2 1
github.com/blackwell-systems/knowing/internal/enrichment/enricher.go:113.16,115.3 1 0
github.com/blackwell-systems/knowing/internal/enrichment/enricher.go:116.2,116.27 1 1
github.com/blackwell-systems/knowing/internal/enrichment/enricher.go:116.27,119.3 2 0
github.com/blackwell-systems/knowing/internal/enrichment/enricher.go:122.2,123.16 2 1
github.com/blackwell-systems/knowing/internal/enrichment/enricher.go:123.16,125.3 1 0
github.com/blackwell-systems/knowing/internal/enrichment/enricher.go:126.2,126.17 1 1
github.com/blackwell-systems/knowing/internal/enrichment/enricher.go:126.17,128.3 1 1
github.com/blackwell-systems/knowing/internal/enrichment/enricher.go:131.2,132.16 2 0
github.com/blackwell-systems/knowing/internal/enrichment/enricher.go:132.16,134.3 1 0
github.com/blackwell-systems/knowing/internal/enrichment/enricher.go:135.2,136.26 2 0
github.com/blackwell-systems/knowing/internal/enrichment/enricher.go:136.26,138.3 1 0
github.com/blackwell-systems/knowing/internal/enrichment/enricher.go:141.2,141.40 1 0
github.com/blackwell-systems/knowing/internal/enrichment/enricher.go:141.40,142.23 1 0
github.com/blackwell-systems/knowing/internal/enrichment/enricher.go:142.23,143.9 1 0
github.com/blackwell-systems/knowing/internal/enrichment/enricher.go:145.3,145.78 1 0
github.com/blackwell-systems/knowing/internal/enrichment/enricher.go:148.2,148.12 1 0
github.com/blackwell-systems/knowing/internal/enrichment/enricher.go:153.90,155.33 1 0
github.com/blackwell-systems/knowing/internal/enrichment/enricher.go:155.33,157.3 1 0
github.com/blackwell-systems/knowing/internal/enrichment/enricher.go:160.2,161.32 2 0
github.com/blackwell-systems/knowing/internal/enrichment/enricher.go:161.32,163.3 1 0
github.com/blackwell-systems/knowing/internal/enrichment/enricher.go:164.2,165.64 2 0
github.com/blackwell-systems/knowing/internal/enrichment/enricher.go:165.64,168.3 2 0
github.com/blackwell-systems/knowing/internal/enrichment/enricher.go:169.2,170.15 2 0
github.com/blackwell-systems/knowing/internal/enrichment/enricher.go:170.15,172.3 1 0
github.com/blackwell-systems/knowing/internal/enrichment/enricher.go:174.2,177.39 2 0
github.com/blackwell-systems/knowing/internal/enrichment/enricher.go:177.39,178.45 1 0
github.com/blackwell-systems/knowing/internal/enrichment/enricher.go:178.45,180.4 1 0
github.com/blackwell-systems/knowing/internal/enrichment/enricher.go:181.3,181.37 1 0
github.com/blackwell-systems/knowing/internal/enrichment/enricher.go:185.2,207.58 6 0
github.com/blackwell-systems/knowing/internal/enrichment/enricher.go:211.53,212.21 1 0
github.com/blackwell-systems/knowing/internal/enrichment/enricher.go:212.21,215.3 2 0
github.com/blackwell-systems/knowing/internal/enrichment/enricher.go:216.2,216.12 1 0
github.com/blackwell-systems/knowing/internal/enrichment/enricher.go:222.45,233.2 3 1
github.com/blackwell-systems/knowing/internal/enrichment/enricher.go:244.3,246.31 2 1
github.com/blackwell-systems/knowing/internal/enrichment/enricher.go:246.31,248.3 1 0
github.com/blackwell-systems/knowing/internal/enrichment/enricher.go:250.2,251.16 2 1
github.com/blackwell-systems/knowing/internal/enrichment/enricher.go:251.16,253.3 1 0
github.com/blackwell-systems/knowing/internal/enrichment/enricher.go:255.2,255.29 1 1
github.com/blackwell-systems/knowing/internal/enrichment/enricher.go:255.29,256.23 1 1
github.com/blackwell-systems/knowing/internal/enrichment/enricher.go:256.23,258.4 1 1
github.com/blackwell-systems/knowing/internal/enrichment/enricher.go:259.3,259.50 1 0
github.com/blackwell-systems/knowing/internal/enrichment/enricher.go:259.50,260.12 1 0
github.com/blackwell-systems/knowing/internal/enrichment/enricher.go:263.3,264.17 2 0
github.com/blackwell-systems/knowing/internal/enrichment/enricher.go:264.17,265.12 1 0
github.com/blackwell-systems/knowing/internal/enrichment/enricher.go:268.3,268.30 1 0
github.com/blackwell-systems/knowing/internal/enrichment/enricher.go:268.30,269.41 1 0
github.com/blackwell-systems/knowing/internal/enrichment/enricher.go:269.41,270.13 1 0
github.com/blackwell-systems/knowing/internal/enrichment/enricher.go:272.4,272.57 1 0
github.com/blackwell-systems/knowing/internal/enrichment/enricher.go:272.57,273.13 1 0
github.com/blackwell-systems/knowing/internal/enrichment/enricher.go:275.4,275.59 1 0
github.com/blackwell-systems/knowing/internal/enrichment/enricher.go:275.59,276.13 1 0
github.com/blackwell-systems/knowing/internal/enrichment/enricher.go:279.4,290.18 5 0
github.com/blackwell-systems/knowing/internal/enrichment/enricher.go:290.18,292.13 2 0
github.com/blackwell-systems/knowing/internal/enrichment/enricher.go:294.4,294.22 1 0
github.com/blackwell-systems/knowing/internal/enrichment/enricher.go:294.22,296.13 2 0
github.com/blackwell-systems/knowing/internal/enrichment/enricher.go:303.4,303.65 1 0
github.com/blackwell-systems/knowing/internal/enrichment/enricher.go:303.65,305.13 2 0
github.com/blackwell-systems/knowing/internal/enrichment/enricher.go:308.4,312.57 5 0
github.com/blackwell-systems/knowing/internal/enrichment/enricher.go:312.57,314.13 2 0
github.com/blackwell-systems/knowing/internal/enrichment/enricher.go:316.4,316.25 1 0
github.com/blackwell-systems/knowing/internal/enrichment/enricher.go:323.127,324.26 1 0
github.com/blackwell-systems/knowing/internal/enrichment/enricher.go:324.26,325.23 1 0
github.com/blackwell-systems/knowing/internal/enrichment/enricher.go:325.23,327.4 1 0
github.com/blackwell-systems/knowing/internal/enrichment/enricher.go:328.3,328.22 1 0
github.com/blackwell-systems/knowing/internal/enrichment/enricher.go:328.22,329.12 1 0
github.com/blackwell-systems/knowing/internal/enrichment/enricher.go:332.3,332.25 1 0
github.com/blackwell-systems/knowing/internal/enrichment/enricher.go:332.25,333.12 1 0
github.com/blackwell-systems/knowing/internal/enrichment/enricher.go:335.3,337.17 3 0
github.com/blackwell-systems/knowing/internal/enrichment/enricher.go:337.17,338.12 1 0
github.com/blackwell-systems/knowing/internal/enrichment/enricher.go:340.3,341.67 2 0
github.com/blackwell-systems/knowing/internal/enrichment/enricher.go:346.109,347.26 1 0
github.com/blackwell-systems/knowing/internal/enrichment/enricher.go:347.26,348.44 1 0
github.com/blackwell-systems/knowing/internal/enrichment/enricher.go:348.44,351.4 2 0
github.com/blackwell-systems/knowing/internal/enrichment/enricher.go:356.35,366.2 1 0
github.com/blackwell-systems/knowing/internal/enrichment/enricher.go:378.3,379.26 1 0
github.com/blackwell-systems/knowing/internal/enrichment/enricher.go:379.26,380.23 1 0
github.com/blackwell-systems/knowing/internal/enrichment/enricher.go:380.23,382.4 1 0
github.com/blackwell-systems/knowing/internal/enrichment/enricher.go:383.3,383.47 1 0
github.com/blackwell-systems/knowing/internal/enrichment/enricher.go:383.47,384.12 1 0
github.com/blackwell-systems/knowing/internal/enrichment/enricher.go:388.3,388.25 1 0
github.com/blackwell-systems/knowing/internal/enrichment/enricher.go:388.25,389.12 1 0
github.com/blackwell-systems/knowing/internal/enrichment/enricher.go:392.3,396.17 4 0
github.com/blackwell-systems/knowing/internal/enrichment/enricher.go:396.17,398.12 2 0
github.com/blackwell-systems/knowing/internal/enrichment/enricher.go:401.3,401.64 1 0
github.com/blackwell-systems/knowing/internal/enrichment/enricher.go:408.54,409.14 1 0
github.com/blackwell-systems/knowing/internal/enrichment/enricher.go:410.9,411.16 1 0
github.com/blackwell-systems/knowing/internal/enrichment/enricher.go:412.10,413.21 1 0
github.com/blackwell-systems/knowing/internal/enrichment/enricher.go:414.10,415.20 1 0
github.com/blackwell-systems/knowing/internal/enrichment/enricher.go:416.9,417.18 1 0
github.com/blackwell-systems/knowing/internal/enrichment/enricher.go:418.10,419.12 1 0
github.com/blackwell-systems/knowing/internal/enrichment/enricher.go:432.3,438.51 3 0
github.com/blackwell-systems/knowing/internal/enrichment/enricher.go:438.51,440.3 1 0
github.com/blackwell-systems/knowing/internal/enrichment/enricher.go:442.2,442.89 1 0
github.com/blackwell-systems/knowing/internal/enrichment/enricher.go:455.3,456.30 1 0
github.com/blackwell-systems/knowing/internal/enrichment/enricher.go:456.30,457.23 1 0
github.com/blackwell-systems/knowing/internal/enrichment/enricher.go:457.23,459.4 1 0
github.com/blackwell-systems/knowing/internal/enrichment/enricher.go:461.3,464.44 3 0
github.com/blackwell-systems/knowing/internal/enrichment/enricher.go:464.44,466.18 2 0
github.com/blackwell-systems/knowing/internal/enrichment/enricher.go:466.18,468.5 1 0
github.com/blackwell-systems/knowing/internal/enrichment/enricher.go:471.3,471.45 1 0
github.com/blackwell-systems/knowing/internal/enrichment/enricher.go:471.45,473.18 2 0
github.com/blackwell-systems/knowing/internal/enrichment/enricher.go:473.18,475.5 1 0
github.com/blackwell-systems/knowing/internal/enrichment/enricher.go:478.3,478.28 1 0
github.com/blackwell-systems/knowing/internal/enrichment/enricher.go:478.28,480.4 1 0
github.com/blackwell-systems/knowing/internal/enrichment/enricher.go:489.95,493.50 3 1
github.com/blackwell-systems/knowing/internal/enrichment/enricher.go:493.50,496.29 3 1
github.com/blackwell-systems/knowing/internal/enrichment/enricher.go:496.29,498.4 1 1
github.com/blackwell-systems/knowing/internal/enrichment/enricher.go:501.2,504.3 1 1
github.com/blackwell-systems/knowing/internal/enrichment/enricher.go:519.3,520.32 1 0
github.com/blackwell-systems/knowing/internal/enrichment/enricher.go:520.32,521.23 1 0
github.com/blackwell-systems/knowing/internal/enrichment/enricher.go:521.23,523.4 1 0
github.com/blackwell-systems/knowing/internal/enrichment/enricher.go:525.3,525.69 1 0
github.com/blackwell-systems/knowing/internal/enrichment/enricher.go:525.69,526.12 1 0
github.com/blackwell-systems/knowing/internal/enrichment/enricher.go:529.3,539.17 8 0
github.com/blackwell-systems/knowing/internal/enrichment/enricher.go:539.17,540.12 1 0
github.com/blackwell-systems/knowing/internal/enrichment/enricher.go:542.3,542.22 1 0
github.com/blackwell-systems/knowing/internal/enrichment/enricher.go:542.22,543.12 1 0
github.com/blackwell-systems/knowing/internal/enrichment/enricher.go:546.3,555.52 2 0
github.com/blackwell-systems/knowing/internal/enrichment/enricher.go:555.52,556.12 1 0
github.com/blackwell-systems/knowing/internal/enrichment/enricher.go:558.3,558.19 1 0
github.com/blackwell-systems/knowing/internal/indexer/cloudextractor/actions.go:17.42,17.69 1 0
github.com/blackwell-systems/knowing/internal/indexer/cloudextractor/actions.go:20.66,22.37 2 1
github.com/blackwell-systems/knowing/internal/indexer/cloudextractor/actions.go:22.37,24.3 1 1
github.com/blackwell-systems/knowing/internal/indexer/cloudextractor/actions.go:25.2,26.59 2 1
github.com/blackwell-systems/knowing/internal/indexer/cloudextractor/actions.go:30.114,34.59 3 1
github.com/blackwell-systems/knowing/internal/indexer/cloudextractor/actions.go:34.59,36.3 1 0
github.com/blackwell-systems/knowing/internal/indexer/cloudextractor/actions.go:38.2,43.24 4 1
github.com/blackwell-systems/knowing/internal/indexer/cloudextractor/actions.go:43.24,45.3 1 0
github.com/blackwell-systems/knowing/internal/indexer/cloudextractor/actions.go:48.2,60.9 6 1
github.com/blackwell-systems/knowing/internal/indexer/cloudextractor/actions.go:60.9,62.3 1 1
github.com/blackwell-systems/knowing/internal/indexer/cloudextractor/actions.go:63.2,64.9 2 1
github.com/blackwell-systems/knowing/internal/indexer/cloudextractor/actions.go:64.9,66.3 1 0
github.com/blackwell-systems/knowing/internal/indexer/cloudextractor/actions.go:69.2,74.37 3 1
github.com/blackwell-systems/knowing/internal/indexer/cloudextractor/actions.go:74.37,76.10 2 1
github.com/blackwell-systems/knowing/internal/indexer/cloudextractor/actions.go:76.10,77.12 1 0
github.com/blackwell-systems/knowing/internal/indexer/cloudextractor/actions.go:81.3,93.42 6 1
github.com/blackwell-systems/knowing/internal/indexer/cloudextractor/actions.go:93.42,95.32 2 1
github.com/blackwell-systems/knowing/internal/indexer/cloudextractor/actions.go:96.16,97.28 1 1
github.com/blackwell-systems/knowing/internal/indexer/cloudextractor/actions.go:98.23,99.28 1 1
github.com/blackwell-systems/knowing/internal/indexer/cloudextractor/actions.go:99.28,100.36 1 1
github.com/blackwell-systems/knowing/internal/indexer/cloudextractor/actions.go:100.36,102.7 1 1
github.com/blackwell-systems/knowing/internal/indexer/cloudextractor/actions.go:105.4,105.34 1 1
github.com/blackwell-systems/knowing/internal/indexer/cloudextractor/actions.go:105.34,109.5 3 1
github.com/blackwell-systems/knowing/internal/indexer/cloudextractor/actions.go:113.3,113.42 1 1
github.com/blackwell-systems/knowing/internal/indexer/cloudextractor/actions.go:113.42,114.49 1 1
github.com/blackwell-systems/knowing/internal/indexer/cloudextractor/actions.go:114.49,115.35 1 1
github.com/blackwell-systems/knowing/internal/indexer/cloudextractor/actions.go:115.35,117.13 2 1
github.com/blackwell-systems/knowing/internal/indexer/cloudextractor/actions.go:117.13,118.15 1 0
github.com/blackwell-systems/knowing/internal/indexer/cloudextractor/actions.go:120.6,121.23 2 1
github.com/blackwell-systems/knowing/internal/indexer/cloudextractor/actions.go:121.23,122.15 1 1
github.com/blackwell-systems/knowing/internal/indexer/cloudextractor/actions.go:126.6,127.17 2 1
github.com/blackwell-systems/knowing/internal/indexer/cloudextractor/actions.go:127.17,138.7 5 1
github.com/blackwell-systems/knowing/internal/indexer/cloudextractor/actions.go:141.6,142.47 2 1
github.com/blackwell-systems/knowing/internal/indexer/cloudextractor/actions.go:148.2,148.20 1 1
github.com/blackwell-systems/knowing/internal/indexer/cloudextractor/cloudformation.go:17.38,17.65 1 0
github.com/blackwell-systems/knowing/internal/indexer/cloudextractor/cloudformation.go:21.68,23.37 2 1
github.com/blackwell-systems/knowing/internal/indexer/cloudextractor/cloudformation.go:23.37,25.3 1 1
github.com/blackwell-systems/knowing/internal/indexer/cloudextractor/cloudformation.go:27.2,28.54 2 1
github.com/blackwell-systems/knowing/internal/indexer/cloudextractor/cloudformation.go:28.54,30.3 1 0
github.com/blackwell-systems/knowing/internal/indexer/cloudextractor/cloudformation.go:33.2,33.50 1 1
github.com/blackwell-systems/knowing/internal/indexer/cloudextractor/cloudformation.go:33.50,35.3 1 1
github.com/blackwell-systems/knowing/internal/indexer/cloudextractor/cloudformation.go:38.2,38.35 1 1
github.com/blackwell-systems/knowing/internal/indexer/cloudextractor/cloudformation.go:38.35,39.73 1 1
github.com/blackwell-systems/knowing/internal/indexer/cloudextractor/cloudformation.go:39.73,41.4 1 1
github.com/blackwell-systems/knowing/internal/indexer/cloudextractor/cloudformation.go:44.2,44.14 1 1
github.com/blackwell-systems/knowing/internal/indexer/cloudextractor/cloudformation.go:48.110,52.64 3 1
github.com/blackwell-systems/knowing/internal/indexer/cloudextractor/cloudformation.go:52.64,54.3 1 0
github.com/blackwell-systems/knowing/internal/indexer/cloudextractor/cloudformation.go:56.2,57.9 2 1
github.com/blackwell-systems/knowing/internal/indexer/cloudextractor/cloudformation.go:57.9,59.3 1 1
github.com/blackwell-systems/knowing/internal/indexer/cloudextractor/cloudformation.go:60.2,61.9 2 1
github.com/blackwell-systems/knowing/internal/indexer/cloudextractor/cloudformation.go:61.9,63.3 1 0
github.com/blackwell-systems/knowing/internal/indexer/cloudextractor/cloudformation.go:66.2,67.43 2 1
github.com/blackwell-systems/knowing/internal/indexer/cloudextractor/cloudformation.go:67.43,69.10 2 1
github.com/blackwell-systems/knowing/internal/indexer/cloudextractor/cloudformation.go:69.10,70.12 1 0
github.com/blackwell-systems/knowing/internal/indexer/cloudextractor/cloudformation.go:73.3,86.32 6 1
github.com/blackwell-systems/knowing/internal/indexer/cloudextractor/cloudformation.go:90.2,90.43 1 1
github.com/blackwell-systems/knowing/internal/indexer/cloudextractor/cloudformation.go:90.43,92.10 2 1
github.com/blackwell-systems/knowing/internal/indexer/cloudextractor/cloudformation.go:92.10,93.12 1 0
github.com/blackwell-systems/knowing/internal/indexer/cloudextractor/cloudformation.go:96.3,100.41 3 1
github.com/blackwell-systems/knowing/internal/indexer/cloudextractor/cloudformation.go:100.41,101.27 1 1
github.com/blackwell-systems/knowing/internal/indexer/cloudextractor/cloudformation.go:102.16,103.47 1 0
github.com/blackwell-systems/knowing/internal/indexer/cloudextractor/cloudformation.go:103.47,105.6 1 0
github.com/blackwell-systems/knowing/internal/indexer/cloudextractor/cloudformation.go:106.23,107.25 1 1
github.com/blackwell-systems/knowing/internal/indexer/cloudextractor/cloudformation.go:107.25,108.33 1 1
github.com/blackwell-systems/knowing/internal/indexer/cloudextractor/cloudformation.go:108.33,109.49 1 1
github.com/blackwell-systems/knowing/internal/indexer/cloudextractor/cloudformation.go:109.49,111.8 1 1
github.com/blackwell-systems/knowing/internal/indexer/cloudextractor/cloudformation.go:118.3,118.69 1 1
github.com/blackwell-systems/knowing/internal/indexer/cloudextractor/cloudformation.go:118.69,122.63 2 1
github.com/blackwell-systems/knowing/internal/indexer/cloudextractor/cloudformation.go:122.63,124.5 1 1
github.com/blackwell-systems/knowing/internal/indexer/cloudextractor/cloudformation.go:128.2,128.20 1 1
github.com/blackwell-systems/knowing/internal/indexer/cloudextractor/cloudformation.go:133.118,134.25 1 1
github.com/blackwell-systems/knowing/internal/indexer/cloudextractor/cloudformation.go:135.30,137.30 1 1
github.com/blackwell-systems/knowing/internal/indexer/cloudextractor/cloudformation.go:137.30,138.33 1 1
github.com/blackwell-systems/knowing/internal/indexer/cloudextractor/cloudformation.go:138.33,139.47 1 1
github.com/blackwell-systems/knowing/internal/indexer/cloudextractor/cloudformation.go:139.47,141.6 1 1
github.com/blackwell-systems/knowing/internal/indexer/cloudextractor/cloudformation.go:143.4,143.10 1 1
github.com/blackwell-systems/knowing/internal/indexer/cloudextractor/cloudformation.go:146.3,146.40 1 1
github.com/blackwell-systems/knowing/internal/indexer/cloudextractor/cloudformation.go:146.40,147.64 1 1
github.com/blackwell-systems/knowing/internal/indexer/cloudextractor/cloudformation.go:147.64,148.38 1 1
github.com/blackwell-systems/knowing/internal/indexer/cloudextractor/cloudformation.go:148.38,149.48 1 1
github.com/blackwell-systems/knowing/internal/indexer/cloudextractor/cloudformation.go:149.48,151.7 1 1
github.com/blackwell-systems/knowing/internal/indexer/cloudextractor/cloudformation.go:154.4,154.10 1 1
github.com/blackwell-systems/knowing/internal/indexer/cloudextractor/cloudformation.go:157.3,157.27 1 1
github.com/blackwell-systems/knowing/internal/indexer/cloudextractor/cloudformation.go:157.27,159.4 1 1
github.com/blackwell-systems/knowing/internal/indexer/cloudextractor/cloudformation.go:160.21,161.26 1 0
github.com/blackwell-systems/knowing/internal/indexer/cloudextractor/cloudformation.go:161.26,163.4 1 0
github.com/blackwell-systems/knowing/internal/indexer/cloudextractor/cloudformation.go:168.153,170.9 2 1
github.com/blackwell-systems/knowing/internal/indexer/cloudextractor/cloudformation.go:170.9,172.3 1 0
github.com/blackwell-systems/knowing/internal/indexer/cloudextractor/cloudformation.go:173.2,174.9 2 1
github.com/blackwell-systems/knowing/internal/indexer/cloudextractor/cloudformation.go:174.9,176.3 1 0
github.com/blackwell-systems/knowing/internal/indexer/cloudextractor/cloudformation.go:178.2,178.42 1 1
github.com/blackwell-systems/knowing/internal/indexer/cloudextractor/cloudformation.go:178.42,180.10 2 1
github.com/blackwell-systems/knowing/internal/indexer/cloudextractor/cloudformation.go:180.10,181.12 1 0
github.com/blackwell-systems/knowing/internal/indexer/cloudextractor/cloudformation.go:184.3,187.20 3 1
github.com/blackwell-systems/knowing/internal/indexer/cloudextractor/cloudformation.go:188.25,191.25 3 1
github.com/blackwell-systems/knowing/internal/indexer/cloudextractor/cloudformation.go:191.25,194.5 2 1
github.com/blackwell-systems/knowing/internal/indexer/cloudextractor/cloudformation.go:195.4,207.89 6 1
github.com/blackwell-systems/knowing/internal/indexer/cloudextractor/cloudformation.go:209.39,222.84 6 1
github.com/blackwell-systems/knowing/internal/indexer/cloudextractor/compose.go:16.42,16.69 1 0
github.com/blackwell-systems/knowing/internal/indexer/cloudextractor/compose.go:19.72,24.77 3 1
github.com/blackwell-systems/knowing/internal/indexer/cloudextractor/compose.go:24.77,26.3 1 1
github.com/blackwell-systems/knowing/internal/indexer/cloudextractor/compose.go:29.2,30.37 2 1
github.com/blackwell-systems/knowing/internal/indexer/cloudextractor/compose.go:30.37,32.3 1 1
github.com/blackwell-systems/knowing/internal/indexer/cloudextractor/compose.go:35.2,36.54 2 1
github.com/blackwell-systems/knowing/internal/indexer/cloudextractor/compose.go:36.54,38.3 1 0
github.com/blackwell-systems/knowing/internal/indexer/cloudextractor/compose.go:39.2,40.18 2 1
github.com/blackwell-systems/knowing/internal/indexer/cloudextractor/compose.go:40.18,42.3 1 1
github.com/blackwell-systems/knowing/internal/indexer/cloudextractor/compose.go:43.2,45.30 3 1
github.com/blackwell-systems/knowing/internal/indexer/cloudextractor/compose.go:49.114,53.59 3 1
github.com/blackwell-systems/knowing/internal/indexer/cloudextractor/compose.go:53.59,55.3 1 0
github.com/blackwell-systems/knowing/internal/indexer/cloudextractor/compose.go:57.2,58.9 2 1
github.com/blackwell-systems/knowing/internal/indexer/cloudextractor/compose.go:58.9,60.3 1 0
github.com/blackwell-systems/knowing/internal/indexer/cloudextractor/compose.go:61.2,62.9 2 1
github.com/blackwell-systems/knowing/internal/indexer/cloudextractor/compose.go:62.9,64.3 1 1
github.com/blackwell-systems/knowing/internal/indexer/cloudextractor/compose.go:67.2,68.32 2 1
github.com/blackwell-systems/knowing/internal/indexer/cloudextractor/compose.go:68.32,80.3 5 1
github.com/blackwell-systems/knowing/internal/indexer/cloudextractor/compose.go:83.2,87.40 3 1
github.com/blackwell-systems/knowing/internal/indexer/cloudextractor/compose.go:87.40,89.10 2 1
github.com/blackwell-systems/knowing/internal/indexer/cloudextractor/compose.go:89.10,90.12 1 0
github.com/blackwell-systems/knowing/internal/indexer/cloudextractor/compose.go:92.3,104.66 5 1
github.com/blackwell-systems/knowing/internal/indexer/cloudextractor/compose.go:107.2,107.20 1 1
github.com/blackwell-systems/knowing/internal/indexer/cloudextractor/compose.go:111.162,113.9 2 1
github.com/blackwell-systems/knowing/internal/indexer/cloudextractor/compose.go:113.9,115.3 1 1
github.com/blackwell-systems/knowing/internal/indexer/cloudextractor/compose.go:117.2,118.32 2 1
github.com/blackwell-systems/knowing/internal/indexer/cloudextractor/compose.go:119.21,120.26 1 1
github.com/blackwell-systems/knowing/internal/indexer/cloudextractor/compose.go:120.26,121.34 1 1
github.com/blackwell-systems/knowing/internal/indexer/cloudextractor/compose.go:121.34,123.5 1 1
github.com/blackwell-systems/knowing/internal/indexer/cloudextractor/compose.go:125.30,126.26 1 1
github.com/blackwell-systems/knowing/internal/indexer/cloudextractor/compose.go:126.26,128.4 1 1
github.com/blackwell-systems/knowing/internal/indexer/cloudextractor/compose.go:131.2,131.35 1 1
github.com/blackwell-systems/knowing/internal/indexer/cloudextractor/compose.go:131.35,132.51 1 1
github.com/blackwell-systems/knowing/internal/indexer/cloudextractor/compose.go:132.51,135.4 2 1
github.com/blackwell-systems/knowing/internal/indexer/cloudextractor/compose.go:140.182,142.9 2 1
github.com/blackwell-systems/knowing/internal/indexer/cloudextractor/compose.go:142.9,144.3 1 1
github.com/blackwell-systems/knowing/internal/indexer/cloudextractor/compose.go:145.2,146.9 2 1
github.com/blackwell-systems/knowing/internal/indexer/cloudextractor/compose.go:146.9,148.3 1 0
github.com/blackwell-systems/knowing/internal/indexer/cloudextractor/compose.go:150.2,150.26 1 1
github.com/blackwell-systems/knowing/internal/indexer/cloudextractor/compose.go:150.26,152.24 2 1
github.com/blackwell-systems/knowing/internal/indexer/cloudextractor/compose.go:153.15,154.15 1 1
github.com/blackwell-systems/knowing/internal/indexer/cloudextractor/compose.go:155.12,156.34 1 0
github.com/blackwell-systems/knowing/internal/indexer/cloudextractor/compose.go:158.3,158.20 1 1
github.com/blackwell-systems/knowing/internal/indexer/cloudextractor/compose.go:158.20,159.12 1 0
github.com/blackwell-systems/knowing/internal/indexer/cloudextractor/compose.go:163.3,164.51 2 1
github.com/blackwell-systems/knowing/internal/indexer/cloudextractor/compose.go:164.51,166.4 1 1
github.com/blackwell-systems/knowing/internal/indexer/cloudextractor/compose.go:169.3,169.49 1 1
github.com/blackwell-systems/knowing/internal/indexer/cloudextractor/compose.go:169.49,181.4 5 1
github.com/blackwell-systems/knowing/internal/indexer/cloudextractor/compose.go:183.3,184.44 2 1
github.com/blackwell-systems/knowing/internal/indexer/cloudextractor/compose.go:189.158,191.9 2 1
github.com/blackwell-systems/knowing/internal/indexer/cloudextractor/compose.go:191.9,193.3 1 1
github.com/blackwell-systems/knowing/internal/indexer/cloudextractor/compose.go:194.2,195.9 2 1
github.com/blackwell-systems/knowing/internal/indexer/cloudextractor/compose.go:195.9,197.3 1 0
github.com/blackwell-systems/knowing/internal/indexer/cloudextractor/compose.go:199.2,199.26 1 1
github.com/blackwell-systems/knowing/internal/indexer/cloudextractor/compose.go:199.26,201.10 2 1
github.com/blackwell-systems/knowing/internal/indexer/cloudextractor/compose.go:201.10,202.12 1 0
github.com/blackwell-systems/knowing/internal/indexer/cloudextractor/compose.go:205.3,206.51 2 1
github.com/blackwell-systems/knowing/internal/indexer/cloudextractor/compose.go:206.51,208.4 1 1
github.com/blackwell-systems/knowing/internal/indexer/cloudextractor/compose.go:209.3,209.51 1 1
github.com/blackwell-systems/knowing/internal/indexer/cloudextractor/compose.go:209.51,212.4 2 1
github.com/blackwell-systems/knowing/internal/indexer/cloudextractor/compose.go:217.188,219.9 2 1
github.com/blackwell-systems/knowing/internal/indexer/cloudextractor/compose.go:219.9,221.3 1 1
github.com/blackwell-systems/knowing/internal/indexer/cloudextractor/compose.go:223.2,224.36 2 1
github.com/blackwell-systems/knowing/internal/indexer/cloudextractor/compose.go:225.21,226.26 1 1
github.com/blackwell-systems/knowing/internal/indexer/cloudextractor/compose.go:226.26,227.34 1 1
github.com/blackwell-systems/knowing/internal/indexer/cloudextractor/compose.go:227.34,229.5 1 1
github.com/blackwell-systems/knowing/internal/indexer/cloudextractor/compose.go:231.30,232.26 1 0
github.com/blackwell-systems/knowing/internal/indexer/cloudextractor/compose.go:232.26,234.4 1 0
github.com/blackwell-systems/knowing/internal/indexer/cloudextractor/compose.go:237.2,237.39 1 1
github.com/blackwell-systems/knowing/internal/indexer/cloudextractor/compose.go:237.39,239.51 1 1
github.com/blackwell-systems/knowing/internal/indexer/cloudextractor/compose.go:239.51,251.4 5 1
github.com/blackwell-systems/knowing/internal/indexer/cloudextractor/compose.go:253.3,254.44 2 1
github.com/blackwell-systems/knowing/internal/indexer/cloudextractor/extractor.go:30.42,39.2 1 0
github.com/blackwell-systems/knowing/internal/indexer/cloudextractor/extractor.go:42.40,42.63 1 0
github.com/blackwell-systems/knowing/internal/indexer/cloudextractor/extractor.go:46.54,49.2 2 0
github.com/blackwell-systems/knowing/internal/indexer/cloudextractor/extractor.go:53.112,54.29 1 0
github.com/blackwell-systems/knowing/internal/indexer/cloudextractor/extractor.go:54.29,55.49 1 0
github.com/blackwell-systems/knowing/internal/indexer/cloudextractor/extractor.go:55.49,57.4 1 0
github.com/blackwell-systems/knowing/internal/indexer/cloudextractor/extractor.go:59.2,59.36 1 0
github.com/blackwell-systems/knowing/internal/indexer/cloudextractor/extractor.go:63.61,64.25 1 1
github.com/blackwell-systems/knowing/internal/indexer/cloudextractor/extractor.go:64.25,65.30 1 1
github.com/blackwell-systems/knowing/internal/indexer/cloudextractor/extractor.go:65.30,67.4 1 1
github.com/blackwell-systems/knowing/internal/indexer/cloudextractor/extractor.go:69.2,69.11 1 1
github.com/blackwell-systems/knowing/internal/indexer/cloudextractor/extractor.go:73.62,75.22 2 0
github.com/blackwell-systems/knowing/internal/indexer/cloudextractor/extractor.go:75.22,76.30 1 0
github.com/blackwell-systems/knowing/internal/indexer/cloudextractor/extractor.go:76.30,78.4 1 0
github.com/blackwell-systems/knowing/internal/indexer/cloudextractor/extractor.go:80.2,80.15 1 0
github.com/blackwell-systems/knowing/internal/indexer/cloudextractor/extractor.go:84.78,93.2 1 1
github.com/blackwell-systems/knowing/internal/indexer/cloudextractor/extractor.go:97.59,99.2 1 1
github.com/blackwell-systems/knowing/internal/indexer/cloudextractor/serverless.go:18.45,18.68 1 0
github.com/blackwell-systems/knowing/internal/indexer/cloudextractor/serverless.go:22.75,24.59 2 1
github.com/blackwell-systems/knowing/internal/indexer/cloudextractor/serverless.go:24.59,26.3 1 1
github.com/blackwell-systems/knowing/internal/indexer/cloudextractor/serverless.go:28.2,29.54 2 1
github.com/blackwell-systems/knowing/internal/indexer/cloudextractor/serverless.go:29.54,31.3 1 0
github.com/blackwell-systems/knowing/internal/indexer/cloudextractor/serverless.go:33.2,35.34 3 1
github.com/blackwell-systems/knowing/internal/indexer/cloudextractor/serverless.go:40.117,44.59 3 1
github.com/blackwell-systems/knowing/internal/indexer/cloudextractor/serverless.go:44.59,46.3 1 0
github.com/blackwell-systems/knowing/internal/indexer/cloudextractor/serverless.go:48.2,49.9 2 1
github.com/blackwell-systems/knowing/internal/indexer/cloudextractor/serverless.go:49.9,51.3 1 0
github.com/blackwell-systems/knowing/internal/indexer/cloudextractor/serverless.go:53.2,53.46 1 1
github.com/blackwell-systems/knowing/internal/indexer/cloudextractor/serverless.go:53.46,55.10 2 1
github.com/blackwell-systems/knowing/internal/indexer/cloudextractor/serverless.go:55.10,56.12 1 0
github.com/blackwell-systems/knowing/internal/indexer/cloudextractor/serverless.go:60.3,72.10 6 1
github.com/blackwell-systems/knowing/internal/indexer/cloudextractor/serverless.go:72.10,73.12 1 1
github.com/blackwell-systems/knowing/internal/indexer/cloudextractor/serverless.go:76.3,76.30 1 1
github.com/blackwell-systems/knowing/internal/indexer/cloudextractor/serverless.go:76.30,78.11 2 1
github.com/blackwell-systems/knowing/internal/indexer/cloudextractor/serverless.go:78.11,79.13 1 0
github.com/blackwell-systems/knowing/internal/indexer/cloudextractor/serverless.go:82.4,82.44 1 1
github.com/blackwell-systems/knowing/internal/indexer/cloudextractor/serverless.go:82.44,83.22 1 1
github.com/blackwell-systems/knowing/internal/indexer/cloudextractor/serverless.go:84.28,85.58 1 1
github.com/blackwell-systems/knowing/internal/indexer/cloudextractor/serverless.go:86.16,87.64 1 1
github.com/blackwell-systems/knowing/internal/indexer/cloudextractor/serverless.go:88.16,89.64 1 1
github.com/blackwell-systems/knowing/internal/indexer/cloudextractor/serverless.go:90.21,91.62 1 1
github.com/blackwell-systems/knowing/internal/indexer/cloudextractor/serverless.go:92.15,93.56 1 1
github.com/blackwell-systems/knowing/internal/indexer/cloudextractor/serverless.go:99.2,99.20 1 1
github.com/blackwell-systems/knowing/internal/indexer/cloudextractor/serverless.go:103.147,105.9 2 1
github.com/blackwell-systems/knowing/internal/indexer/cloudextractor/serverless.go:105.9,107.3 1 0
github.com/blackwell-systems/knowing/internal/indexer/cloudextractor/serverless.go:109.2,111.32 3 1
github.com/blackwell-systems/knowing/internal/indexer/cloudextractor/serverless.go:111.32,113.3 1 0
github.com/blackwell-systems/knowing/internal/indexer/cloudextractor/serverless.go:115.2,126.85 6 1
github.com/blackwell-systems/knowing/internal/indexer/cloudextractor/serverless.go:131.164,134.30 2 1
github.com/blackwell-systems/knowing/internal/indexer/cloudextractor/serverless.go:135.14,136.59 1 0
github.com/blackwell-systems/knowing/internal/indexer/cloudextractor/serverless.go:137.30,139.16 2 1
github.com/blackwell-systems/knowing/internal/indexer/cloudextractor/serverless.go:139.16,141.4 1 1
github.com/blackwell-systems/knowing/internal/indexer/cloudextractor/serverless.go:141.9,143.57 1 0
github.com/blackwell-systems/knowing/internal/indexer/cloudextractor/serverless.go:143.57,144.40 1 0
github.com/blackwell-systems/knowing/internal/indexer/cloudextractor/serverless.go:144.40,146.11 2 0
github.com/blackwell-systems/knowing/internal/indexer/cloudextractor/serverless.go:152.2,152.22 1 1
github.com/blackwell-systems/knowing/internal/indexer/cloudextractor/serverless.go:152.22,154.3 1 0
github.com/blackwell-systems/knowing/internal/indexer/cloudextractor/serverless.go:156.2,164.80 4 1
github.com/blackwell-systems/knowing/internal/indexer/cloudextractor/serverless.go:169.151,171.30 2 1
github.com/blackwell-systems/knowing/internal/indexer/cloudextractor/serverless.go:172.14,173.11 1 1
github.com/blackwell-systems/knowing/internal/indexer/cloudextractor/serverless.go:174.30,176.17 2 0
github.com/blackwell-systems/knowing/internal/indexer/cloudextractor/serverless.go:176.17,178.4 1 0
github.com/blackwell-systems/knowing/internal/indexer/cloudextractor/serverless.go:181.2,181.16 1 1
github.com/blackwell-systems/knowing/internal/indexer/cloudextractor/serverless.go:181.16,183.3 1 0
github.com/blackwell-systems/knowing/internal/indexer/cloudextractor/serverless.go:185.2,194.80 5 1
github.com/blackwell-systems/knowing/internal/indexer/cloudextractor/serverless.go:199.145,201.30 2 1
github.com/blackwell-systems/knowing/internal/indexer/cloudextractor/serverless.go:202.14,203.13 1 0
github.com/blackwell-systems/knowing/internal/indexer/cloudextractor/serverless.go:204.30,205.34 1 1
github.com/blackwell-systems/knowing/internal/indexer/cloudextractor/serverless.go:208.2,208.18 1 1
github.com/blackwell-systems/knowing/internal/indexer/cloudextractor/serverless.go:208.18,210.3 1 0
github.com/blackwell-systems/knowing/internal/indexer/cloudextractor/serverless.go:212.2,221.80 5 1
github.com/blackwell-systems/knowing/internal/indexer/cloudextractor/serverless.go:226.33,228.20 2 1
github.com/blackwell-systems/knowing/internal/indexer/cloudextractor/serverless.go:228.20,230.3 1 1
github.com/blackwell-systems/knowing/internal/indexer/cloudextractor/serverless.go:231.2,231.12 1 0
github.com/blackwell-systems/knowing/internal/context/auto_concepts.go:24.76,26.2 1 0
github.com/blackwell-systems/knowing/internal/context/auto_concepts.go:29.80,31.35 2 0
github.com/blackwell-systems/knowing/internal/context/auto_concepts.go:31.35,33.3 1 0
github.com/blackwell-systems/knowing/internal/context/auto_concepts.go:35.2,49.29 4 0
github.com/blackwell-systems/knowing/internal/context/auto_concepts.go:49.29,54.35 2 0
github.com/blackwell-systems/knowing/internal/context/auto_concepts.go:54.35,55.12 1 0
github.com/blackwell-systems/knowing/internal/context/auto_concepts.go:59.3,60.50 2 0
github.com/blackwell-systems/knowing/internal/context/auto_concepts.go:60.50,62.4 1 0
github.com/blackwell-systems/knowing/internal/context/auto_concepts.go:65.3,65.23 1 0
github.com/blackwell-systems/knowing/internal/context/auto_concepts.go:65.23,66.12 1 0
github.com/blackwell-systems/knowing/internal/context/auto_concepts.go:70.3,71.21 2 0
github.com/blackwell-systems/knowing/internal/context/auto_concepts.go:71.21,72.12 1 0
github.com/blackwell-systems/knowing/internal/context/auto_concepts.go:76.3,77.27 2 0
github.com/blackwell-systems/knowing/internal/context/auto_concepts.go:77.27,78.51 1 0
github.com/blackwell-systems/knowing/internal/context/auto_concepts.go:78.51,80.5 1 0
github.com/blackwell-systems/knowing/internal/context/auto_concepts.go:82.3,82.26 1 0
github.com/blackwell-systems/knowing/internal/context/auto_concepts.go:82.26,83.12 1 0
github.com/blackwell-systems/knowing/internal/context/auto_concepts.go:87.3,88.38 2 0
github.com/blackwell-systems/knowing/internal/context/auto_concepts.go:88.38,89.12 1 0
github.com/blackwell-systems/knowing/internal/context/auto_concepts.go:91.3,104.67 3 0
github.com/blackwell-systems/knowing/internal/context/auto_concepts.go:104.67,106.31 2 0
github.com/blackwell-systems/knowing/internal/context/auto_concepts.go:106.31,108.5 1 0
github.com/blackwell-systems/knowing/internal/context/auto_concepts.go:112.3,112.82 1 0
github.com/blackwell-systems/knowing/internal/context/auto_concepts.go:112.82,114.33 2 0
github.com/blackwell-systems/knowing/internal/context/auto_concepts.go:114.33,115.37 1 0
github.com/blackwell-systems/knowing/internal/context/auto_concepts.go:115.37,117.6 1 0
github.com/blackwell-systems/knowing/internal/context/auto_concepts.go:119.4,119.28 1 0
github.com/blackwell-systems/knowing/internal/context/auto_concepts.go:119.28,121.5 1 0
github.com/blackwell-systems/knowing/internal/context/auto_concepts.go:124.3,124.35 1 0
github.com/blackwell-systems/knowing/internal/context/auto_concepts.go:128.2,128.24 1 0
github.com/blackwell-systems/knowing/internal/context/auto_concepts.go:128.24,130.3 1 0
github.com/blackwell-systems/knowing/internal/context/auto_concepts.go:132.2,132.16 1 0
github.com/blackwell-systems/knowing/internal/context/auto_concepts.go:138.41,141.22 3 0
github.com/blackwell-systems/knowing/internal/context/auto_concepts.go:141.22,142.36 1 0
github.com/blackwell-systems/knowing/internal/context/auto_concepts.go:142.36,144.34 2 0
github.com/blackwell-systems/knowing/internal/context/auto_concepts.go:144.34,145.26 1 0
github.com/blackwell-systems/knowing/internal/context/auto_concepts.go:145.26,148.6 2 0
github.com/blackwell-systems/knowing/internal/context/auto_concepts.go:149.10,149.103 1 0
github.com/blackwell-systems/knowing/internal/context/auto_concepts.go:149.103,150.26 1 0
github.com/blackwell-systems/knowing/internal/context/auto_concepts.go:150.26,153.6 2 0
github.com/blackwell-systems/knowing/internal/context/auto_concepts.go:156.3,156.23 1 0
github.com/blackwell-systems/knowing/internal/context/auto_concepts.go:158.2,158.23 1 0
github.com/blackwell-systems/knowing/internal/context/auto_concepts.go:158.23,160.3 1 0
github.com/blackwell-systems/knowing/internal/context/auto_concepts.go:161.2,161.14 1 0
github.com/blackwell-systems/knowing/internal/context/context.go:102.62,104.44 2 1
github.com/blackwell-systems/knowing/internal/context/context.go:104.44,106.3 1 0
github.com/blackwell-systems/knowing/internal/context/context.go:107.2,107.40 1 1
github.com/blackwell-systems/knowing/internal/context/context.go:107.40,109.3 1 0
github.com/blackwell-systems/knowing/internal/context/context.go:110.2,110.10 1 1
github.com/blackwell-systems/knowing/internal/context/context.go:116.56,118.2 1 0
github.com/blackwell-systems/knowing/internal/context/context.go:121.54,123.2 1 0
github.com/blackwell-systems/knowing/internal/context/context.go:128.55,130.2 1 0
github.com/blackwell-systems/knowing/internal/context/context.go:192.94,194.17 2 1
github.com/blackwell-systems/knowing/internal/context/context.go:194.17,196.3 1 1
github.com/blackwell-systems/knowing/internal/context/context.go:199.2,200.24 2 1
github.com/blackwell-systems/knowing/internal/context/context.go:200.24,205.3 1 1
github.com/blackwell-systems/knowing/internal/context/context.go:215.2,219.30 3 1
github.com/blackwell-systems/knowing/internal/context/context.go:219.30,221.17 2 1
github.com/blackwell-systems/knowing/internal/context/context.go:221.17,223.4 1 0
github.com/blackwell-systems/knowing/internal/context/context.go:224.3,224.27 1 1
github.com/blackwell-systems/knowing/internal/context/context.go:224.27,227.20 3 1
github.com/blackwell-systems/knowing/internal/context/context.go:227.20,229.5 1 1
github.com/blackwell-systems/knowing/internal/context/context.go:230.4,230.68 1 1
github.com/blackwell-systems/knowing/internal/context/context.go:230.68,233.5 2 1
github.com/blackwell-systems/knowing/internal/context/context.go:238.2,238.29 1 1
github.com/blackwell-systems/knowing/internal/context/context.go:238.29,239.31 1 1
github.com/blackwell-systems/knowing/internal/context/context.go:239.31,241.18 2 1
github.com/blackwell-systems/knowing/internal/context/context.go:241.18,243.5 1 0
github.com/blackwell-systems/knowing/internal/context/context.go:244.4,244.28 1 1
github.com/blackwell-systems/knowing/internal/context/context.go:244.28,245.31 1 1
github.com/blackwell-systems/knowing/internal/context/context.go:245.31,246.14 1 1
github.com/blackwell-systems/knowing/internal/context/context.go:248.5,250.21 3 1
github.com/blackwell-systems/knowing/internal/context/context.go:250.21,252.6 1 1
github.com/blackwell-systems/knowing/internal/context/context.go:253.5,253.76 1 1
github.com/blackwell-systems/knowing/internal/context/context.go:253.76,256.6 2 1
github.com/blackwell-systems/knowing/internal/context/context.go:257.5,257.33 1 1
github.com/blackwell-systems/knowing/internal/context/context.go:257.33,258.11 1 1
github.com/blackwell-systems/knowing/internal/context/context.go:261.4,261.32 1 1
github.com/blackwell-systems/knowing/internal/context/context.go:261.32,262.10 1 1
github.com/blackwell-systems/knowing/internal/context/context.go:268.2,268.28 1 1
github.com/blackwell-systems/knowing/internal/context/context.go:268.28,269.31 1 1
github.com/blackwell-systems/knowing/internal/context/context.go:269.31,270.19 1 1
github.com/blackwell-systems/knowing/internal/context/context.go:270.19,271.13 1 0
github.com/blackwell-systems/knowing/internal/context/context.go:273.4,274.18 2 1
github.com/blackwell-systems/knowing/internal/context/context.go:274.18,276.5 1 0
github.com/blackwell-systems/knowing/internal/context/context.go:277.4,277.28 1 1
github.com/blackwell-systems/knowing/internal/context/context.go:277.28,278.32 1 1
github.com/blackwell-systems/knowing/internal/context/context.go:278.32,281.6 2 0
github.com/blackwell-systems/knowing/internal/context/context.go:282.5,282.33 1 1
github.com/blackwell-systems/knowing/internal/context/context.go:282.33,283.11 1 0
github.com/blackwell-systems/knowing/internal/context/context.go:286.4,286.32 1 1
github.com/blackwell-systems/knowing/internal/context/context.go:286.32,287.10 1 0
github.com/blackwell-systems/knowing/internal/context/context.go:293.2,293.29 1 1
github.com/blackwell-systems/knowing/internal/context/context.go:293.29,294.31 1 1
github.com/blackwell-systems/knowing/internal/context/context.go:294.31,295.19 1 1
github.com/blackwell-systems/knowing/internal/context/context.go:295.19,296.13 1 0
github.com/blackwell-systems/knowing/internal/context/context.go:298.4,299.18 2 1
github.com/blackwell-systems/knowing/internal/context/context.go:299.18,300.13 1 0
github.com/blackwell-systems/knowing/internal/context/context.go:302.4,302.28 1 1
github.com/blackwell-systems/knowing/internal/context/context.go:302.28,303.31 1 0
github.com/blackwell-systems/knowing/internal/context/context.go:303.31,304.14 1 0
github.com/blackwell-systems/knowing/internal/context/context.go:306.5,308.87 3 0
github.com/blackwell-systems/knowing/internal/context/context.go:308.87,311.34 3 0
github.com/blackwell-systems/knowing/internal/context/context.go:311.34,312.12 1 0
github.com/blackwell-systems/knowing/internal/context/context.go:316.4,316.32 1 1
github.com/blackwell-systems/knowing/internal/context/context.go:316.32,317.10 1 0
github.com/blackwell-systems/knowing/internal/context/context.go:323.2,324.19 2 1
github.com/blackwell-systems/knowing/internal/context/context.go:324.19,326.74 2 0
github.com/blackwell-systems/knowing/internal/context/context.go:326.74,328.4 1 0
github.com/blackwell-systems/knowing/internal/context/context.go:333.2,334.21 2 1
github.com/blackwell-systems/knowing/internal/context/context.go:334.21,336.36 2 0
github.com/blackwell-systems/knowing/internal/context/context.go:336.36,337.29 1 0
github.com/blackwell-systems/knowing/internal/context/context.go:337.29,338.72 1 0
github.com/blackwell-systems/knowing/internal/context/context.go:338.72,340.6 1 0
github.com/blackwell-systems/knowing/internal/context/context.go:348.2,366.31 7 1
github.com/blackwell-systems/knowing/internal/context/context.go:366.31,368.3 1 1
github.com/blackwell-systems/knowing/internal/context/context.go:369.2,369.28 1 1
github.com/blackwell-systems/knowing/internal/context/context.go:369.28,371.3 1 1
github.com/blackwell-systems/knowing/internal/context/context.go:372.2,377.30 4 1
github.com/blackwell-systems/knowing/internal/context/context.go:377.30,378.36 1 1
github.com/blackwell-systems/knowing/internal/context/context.go:378.36,380.18 2 1
github.com/blackwell-systems/knowing/internal/context/context.go:380.18,381.13 1 0
github.com/blackwell-systems/knowing/internal/context/context.go:383.4,383.28 1 1
github.com/blackwell-systems/knowing/internal/context/context.go:383.28,384.30 1 1
github.com/blackwell-systems/knowing/internal/context/context.go:384.30,385.14 1 0
github.com/blackwell-systems/knowing/internal/context/context.go:387.5,389.21 3 1
github.com/blackwell-systems/knowing/internal/context/context.go:389.21,391.6 1 1
github.com/blackwell-systems/knowing/internal/context/context.go:392.5,392.43 1 1
github.com/blackwell-systems/knowing/internal/context/context.go:392.43,395.6 2 1
github.com/blackwell-systems/knowing/internal/context/context.go:404.2,411.31 3 1
github.com/blackwell-systems/knowing/internal/context/context.go:411.31,413.3 1 1
github.com/blackwell-systems/knowing/internal/context/context.go:418.2,419.31 2 1
github.com/blackwell-systems/knowing/internal/context/context.go:419.31,420.48 1 1
github.com/blackwell-systems/knowing/internal/context/context.go:420.48,423.18 2 1
github.com/blackwell-systems/knowing/internal/context/context.go:423.18,424.13 1 0
github.com/blackwell-systems/knowing/internal/context/context.go:426.4,426.35 1 1
github.com/blackwell-systems/knowing/internal/context/context.go:426.35,427.30 1 0
github.com/blackwell-systems/knowing/internal/context/context.go:427.30,428.14 1 0
github.com/blackwell-systems/knowing/internal/context/context.go:430.5,431.38 2 0
github.com/blackwell-systems/knowing/internal/context/context.go:431.38,432.14 1 0
github.com/blackwell-systems/knowing/internal/context/context.go:434.5,435.55 2 0
github.com/blackwell-systems/knowing/internal/context/context.go:439.2,450.47 5 1
github.com/blackwell-systems/knowing/internal/context/context.go:450.47,452.32 2 0
github.com/blackwell-systems/knowing/internal/context/context.go:452.32,454.4 1 0
github.com/blackwell-systems/knowing/internal/context/context.go:455.3,455.70 1 0
github.com/blackwell-systems/knowing/internal/context/context.go:455.70,456.35 1 0
github.com/blackwell-systems/knowing/internal/context/context.go:456.35,458.5 1 0
github.com/blackwell-systems/knowing/internal/context/context.go:465.2,467.31 3 1
github.com/blackwell-systems/knowing/internal/context/context.go:467.31,470.3 2 1
github.com/blackwell-systems/knowing/internal/context/context.go:472.2,473.16 2 1
github.com/blackwell-systems/knowing/internal/context/context.go:473.16,475.3 1 0
github.com/blackwell-systems/knowing/internal/context/context.go:480.2,481.44 2 1
github.com/blackwell-systems/knowing/internal/context/context.go:481.44,482.22 1 1
github.com/blackwell-systems/knowing/internal/context/context.go:482.22,483.12 1 0
github.com/blackwell-systems/knowing/internal/context/context.go:486.3,487.17 2 1
github.com/blackwell-systems/knowing/internal/context/context.go:487.17,489.4 1 0
github.com/blackwell-systems/knowing/internal/context/context.go:490.3,490.18 1 1
github.com/blackwell-systems/knowing/internal/context/context.go:490.18,491.12 1 0
github.com/blackwell-systems/knowing/internal/context/context.go:495.3,496.24 2 1
github.com/blackwell-systems/knowing/internal/context/context.go:496.24,498.4 1 1
github.com/blackwell-systems/knowing/internal/context/context.go:501.3,502.17 2 1
github.com/blackwell-systems/knowing/internal/context/context.go:502.17,504.4 1 0
github.com/blackwell-systems/knowing/internal/context/context.go:505.3,507.30 3 1
github.com/blackwell-systems/knowing/internal/context/context.go:507.30,508.36 1 1
github.com/blackwell-systems/knowing/internal/context/context.go:508.36,510.5 1 1
github.com/blackwell-systems/knowing/internal/context/context.go:511.4,511.40 1 1
github.com/blackwell-systems/knowing/internal/context/context.go:511.40,513.5 1 1
github.com/blackwell-systems/knowing/internal/context/context.go:518.3,526.5 2 1
github.com/blackwell-systems/knowing/internal/context/context.go:530.2,530.42 1 1
github.com/blackwell-systems/knowing/internal/context/context.go:530.42,532.30 2 0
github.com/blackwell-systems/knowing/internal/context/context.go:532.30,534.4 1 0
github.com/blackwell-systems/knowing/internal/context/context.go:535.3,535.91 1 0
github.com/blackwell-systems/knowing/internal/context/context.go:535.91,536.26 1 0
github.com/blackwell-systems/knowing/internal/context/context.go:536.26,537.57 1 0
github.com/blackwell-systems/knowing/internal/context/context.go:537.57,539.6 1 0
github.com/blackwell-systems/knowing/internal/context/context.go:545.2,545.41 1 1
github.com/blackwell-systems/knowing/internal/context/context.go:545.41,547.30 2 0
github.com/blackwell-systems/knowing/internal/context/context.go:547.30,549.4 1 0
github.com/blackwell-systems/knowing/internal/context/context.go:550.3,551.25 2 0
github.com/blackwell-systems/knowing/internal/context/context.go:551.25,552.56 1 0
github.com/blackwell-systems/knowing/internal/context/context.go:552.56,554.5 1 0
github.com/blackwell-systems/knowing/internal/context/context.go:559.2,559.40 1 1
github.com/blackwell-systems/knowing/internal/context/context.go:559.40,561.42 2 0
github.com/blackwell-systems/knowing/internal/context/context.go:561.42,562.26 1 0
github.com/blackwell-systems/knowing/internal/context/context.go:562.26,563.63 1 0
github.com/blackwell-systems/knowing/internal/context/context.go:563.63,566.6 1 0
github.com/blackwell-systems/knowing/internal/context/context.go:573.2,573.41 1 1
github.com/blackwell-systems/knowing/internal/context/context.go:573.41,575.3 1 1
github.com/blackwell-systems/knowing/internal/context/context.go:579.2,580.21 2 1
github.com/blackwell-systems/knowing/internal/context/context.go:580.21,582.25 2 1
github.com/blackwell-systems/knowing/internal/context/context.go:582.25,584.4 1 1
github.com/blackwell-systems/knowing/internal/context/context.go:585.3,586.29 2 1
github.com/blackwell-systems/knowing/internal/context/context.go:586.29,588.4 1 1
github.com/blackwell-systems/knowing/internal/context/context.go:589.3,589.59 1 1
github.com/blackwell-systems/knowing/internal/context/context.go:593.2,597.48 3 1
github.com/blackwell-systems/knowing/internal/context/context.go:597.48,599.35 2 0
github.com/blackwell-systems/knowing/internal/context/context.go:599.35,601.4 1 0
github.com/blackwell-systems/knowing/internal/context/context.go:602.3,602.32 1 0
github.com/blackwell-systems/knowing/internal/context/context.go:607.2,607.47 1 1
github.com/blackwell-systems/knowing/internal/context/context.go:607.47,610.32 3 0
github.com/blackwell-systems/knowing/internal/context/context.go:610.32,612.4 1 0
github.com/blackwell-systems/knowing/internal/context/context.go:613.3,614.29 2 0
github.com/blackwell-systems/knowing/internal/context/context.go:614.29,616.4 1 0
github.com/blackwell-systems/knowing/internal/context/context.go:617.3,617.46 1 0
github.com/blackwell-systems/knowing/internal/context/context.go:620.2,620.19 1 1
github.com/blackwell-systems/knowing/internal/context/context.go:625.95,627.17 2 1
github.com/blackwell-systems/knowing/internal/context/context.go:627.17,629.3 1 0
github.com/blackwell-systems/knowing/internal/context/context.go:631.2,631.26 1 1
github.com/blackwell-systems/knowing/internal/context/context.go:631.26,636.3 1 1
github.com/blackwell-systems/knowing/internal/context/context.go:638.2,643.34 4 1
github.com/blackwell-systems/knowing/internal/context/context.go:643.34,645.17 2 1
github.com/blackwell-systems/knowing/internal/context/context.go:645.17,647.4 1 0
github.com/blackwell-systems/knowing/internal/context/context.go:649.3,649.30 1 1
github.com/blackwell-systems/knowing/internal/context/context.go:649.30,650.32 1 1
github.com/blackwell-systems/knowing/internal/context/context.go:650.32,651.13 1 0
github.com/blackwell-systems/knowing/internal/context/context.go:654.4,655.18 2 1
github.com/blackwell-systems/knowing/internal/context/context.go:655.18,657.5 1 0
github.com/blackwell-systems/knowing/internal/context/context.go:659.4,661.33 3 1
github.com/blackwell-systems/knowing/internal/context/context.go:661.33,662.37 1 0
github.com/blackwell-systems/knowing/internal/context/context.go:662.37,664.6 1 0
github.com/blackwell-systems/knowing/internal/context/context.go:665.5,665.41 1 0
github.com/blackwell-systems/knowing/internal/context/context.go:665.41,667.6 1 0
github.com/blackwell-systems/knowing/internal/context/context.go:670.4,680.33 3 1
github.com/blackwell-systems/knowing/internal/context/context.go:680.33,681.35 1 0
github.com/blackwell-systems/knowing/internal/context/context.go:681.35,682.14 1 0
github.com/blackwell-systems/knowing/internal/context/context.go:684.5,685.19 2 0
github.com/blackwell-systems/knowing/internal/context/context.go:685.19,687.6 1 0
github.com/blackwell-systems/knowing/internal/context/context.go:688.5,688.26 1 0
github.com/blackwell-systems/knowing/internal/context/context.go:688.26,689.14 1 0
github.com/blackwell-systems/knowing/internal/context/context.go:691.5,698.7 2 0
github.com/blackwell-systems/knowing/internal/context/context.go:704.2,705.21 2 1
github.com/blackwell-systems/knowing/internal/context/context.go:705.21,707.25 2 0
github.com/blackwell-systems/knowing/internal/context/context.go:707.25,709.4 1 0
github.com/blackwell-systems/knowing/internal/context/context.go:710.3,710.42 1 0
github.com/blackwell-systems/knowing/internal/context/context.go:710.42,712.4 1 0
github.com/blackwell-systems/knowing/internal/context/context.go:713.3,714.29 2 0
github.com/blackwell-systems/knowing/internal/context/context.go:714.29,716.4 1 0
github.com/blackwell-systems/knowing/internal/context/context.go:717.3,717.59 1 0
github.com/blackwell-systems/knowing/internal/context/context.go:720.2,721.57 2 1
github.com/blackwell-systems/knowing/internal/context/context.go:729.90,731.17 2 0
github.com/blackwell-systems/knowing/internal/context/context.go:731.17,733.3 1 0
github.com/blackwell-systems/knowing/internal/context/context.go:735.2,735.26 1 0
github.com/blackwell-systems/knowing/internal/context/context.go:735.26,740.3 1 0
github.com/blackwell-systems/knowing/internal/context/context.go:742.2,748.34 4 0
github.com/blackwell-systems/knowing/internal/context/context.go:748.34,750.17 2 0
github.com/blackwell-systems/knowing/internal/context/context.go:750.17,751.12 1 0
github.com/blackwell-systems/knowing/internal/context/context.go:753.3,753.30 1 0
github.com/blackwell-systems/knowing/internal/context/context.go:753.30,754.31 1 0
github.com/blackwell-systems/knowing/internal/context/context.go:754.31,757.5 2 0
github.com/blackwell-systems/knowing/internal/context/context.go:761.2,761.21 1 0
github.com/blackwell-systems/knowing/internal/context/context.go:761.21,766.3 1 0
github.com/blackwell-systems/knowing/internal/context/context.go:769.2,770.16 2 0
github.com/blackwell-systems/knowing/internal/context/context.go:770.16,772.3 1 0
github.com/blackwell-systems/knowing/internal/context/context.go:775.2,776.44 2 0
github.com/blackwell-systems/knowing/internal/context/context.go:776.44,777.22 1 0
github.com/blackwell-systems/knowing/internal/context/context.go:777.22,778.12 1 0
github.com/blackwell-systems/knowing/internal/context/context.go:781.3,782.32 2 0
github.com/blackwell-systems/knowing/internal/context/context.go:782.32,783.12 1 0
github.com/blackwell-systems/knowing/internal/context/context.go:787.3,788.24 2 0
github.com/blackwell-systems/knowing/internal/context/context.go:788.24,790.4 1 0
github.com/blackwell-systems/knowing/internal/context/context.go:792.3,793.17 2 0
github.com/blackwell-systems/knowing/internal/context/context.go:793.17,795.4 1 0
github.com/blackwell-systems/knowing/internal/context/context.go:796.3,798.30 3 0
github.com/blackwell-systems/knowing/internal/context/context.go:798.30,799.36 1 0
github.com/blackwell-systems/knowing/internal/context/context.go:799.36,801.5 1 0
github.com/blackwell-systems/knowing/internal/context/context.go:802.4,802.40 1 0
github.com/blackwell-systems/knowing/internal/context/context.go:802.40,804.5 1 0
github.com/blackwell-systems/knowing/internal/context/context.go:807.3,815.5 2 0
github.com/blackwell-systems/knowing/internal/context/context.go:819.2,819.41 1 0
github.com/blackwell-systems/knowing/internal/context/context.go:819.41,821.3 1 0
github.com/blackwell-systems/knowing/internal/context/context.go:824.2,825.21 2 0
github.com/blackwell-systems/knowing/internal/context/context.go:825.21,827.25 2 0
github.com/blackwell-systems/knowing/internal/context/context.go:827.25,829.4 1 0
github.com/blackwell-systems/knowing/internal/context/context.go:830.3,831.29 2 0
github.com/blackwell-systems/knowing/internal/context/context.go:831.29,833.4 1 0
github.com/blackwell-systems/knowing/internal/context/context.go:834.3,834.59 1 0
github.com/blackwell-systems/knowing/internal/context/context.go:837.2,838.57 2 0
github.com/blackwell-systems/knowing/internal/context/context.go:846.44,867.20 7 1
github.com/blackwell-systems/knowing/internal/context/context.go:867.20,869.29 2 1
github.com/blackwell-systems/knowing/internal/context/context.go:869.29,870.32 1 1
github.com/blackwell-systems/knowing/internal/context/context.go:870.32,872.42 2 1
github.com/blackwell-systems/knowing/internal/context/context.go:872.42,873.14 1 0
github.com/blackwell-systems/knowing/internal/context/context.go:876.5,878.23 2 1
github.com/blackwell-systems/knowing/internal/context/context.go:878.23,881.6 2 1
github.com/blackwell-systems/knowing/internal/context/context.go:882.5,882.10 1 1
github.com/blackwell-systems/knowing/internal/context/context.go:887.2,887.26 1 1
github.com/blackwell-systems/knowing/internal/context/context.go:887.26,890.14 2 1
github.com/blackwell-systems/knowing/internal/context/context.go:890.14,891.12 1 0
github.com/blackwell-systems/knowing/internal/context/context.go:895.3,896.27 2 1
github.com/blackwell-systems/knowing/internal/context/context.go:896.27,898.22 2 1
github.com/blackwell-systems/knowing/internal/context/context.go:898.22,899.13 1 0
github.com/blackwell-systems/knowing/internal/context/context.go:901.4,901.24 1 1
github.com/blackwell-systems/knowing/internal/context/context.go:901.24,902.13 1 1
github.com/blackwell-systems/knowing/internal/context/context.go:904.4,904.19 1 1
github.com/blackwell-systems/knowing/internal/context/context.go:904.19,905.13 1 0
github.com/blackwell-systems/knowing/internal/context/context.go:907.4,911.67 3 1
github.com/blackwell-systems/knowing/internal/context/context.go:911.67,914.5 2 0
github.com/blackwell-systems/knowing/internal/context/context.go:918.3,919.53 2 1
github.com/blackwell-systems/knowing/internal/context/context.go:919.53,920.41 1 1
github.com/blackwell-systems/knowing/internal/context/context.go:920.41,923.5 2 1
github.com/blackwell-systems/knowing/internal/context/context.go:933.2,935.26 3 1
github.com/blackwell-systems/knowing/internal/context/context.go:935.26,939.67 2 1
github.com/blackwell-systems/knowing/internal/context/context.go:939.67,941.4 1 1
github.com/blackwell-systems/knowing/internal/context/context.go:943.2,943.41 1 1
github.com/blackwell-systems/knowing/internal/context/context.go:943.41,946.39 2 0
github.com/blackwell-systems/knowing/internal/context/context.go:946.39,947.12 1 0
github.com/blackwell-systems/knowing/internal/context/context.go:950.3,950.31 1 0
github.com/blackwell-systems/knowing/internal/context/context.go:950.31,951.12 1 0
github.com/blackwell-systems/knowing/internal/context/context.go:954.3,955.19 2 0
github.com/blackwell-systems/knowing/internal/context/context.go:955.19,958.4 2 0
github.com/blackwell-systems/knowing/internal/context/context.go:960.3,961.19 2 0
github.com/blackwell-systems/knowing/internal/context/context.go:961.19,964.4 2 0
github.com/blackwell-systems/knowing/internal/context/context.go:968.2,969.35 2 1
github.com/blackwell-systems/knowing/internal/context/context.go:969.35,970.16 1 1
github.com/blackwell-systems/knowing/internal/context/context.go:970.16,973.4 2 1
github.com/blackwell-systems/knowing/internal/context/context.go:976.2,983.30 4 1
github.com/blackwell-systems/knowing/internal/context/context.go:983.30,985.40 2 1
github.com/blackwell-systems/knowing/internal/context/context.go:985.40,987.4 1 1
github.com/blackwell-systems/knowing/internal/context/context.go:990.2,990.14 1 1
github.com/blackwell-systems/knowing/internal/context/context.go:994.41,996.30 1 1
github.com/blackwell-systems/knowing/internal/context/context.go:996.30,999.27 3 0
github.com/blackwell-systems/knowing/internal/context/context.go:999.27,1000.15 1 0
github.com/blackwell-systems/knowing/internal/context/context.go:1000.15,1002.5 1 0
github.com/blackwell-systems/knowing/internal/context/context.go:1004.3,1004.16 1 0
github.com/blackwell-systems/knowing/internal/context/context.go:1008.2,1010.22 3 1
github.com/blackwell-systems/knowing/internal/context/context.go:1010.22,1011.36 1 1
github.com/blackwell-systems/knowing/internal/context/context.go:1011.36,1012.25 1 1
github.com/blackwell-systems/knowing/internal/context/context.go:1012.25,1015.5 2 1
github.com/blackwell-systems/knowing/internal/context/context.go:1017.3,1017.23 1 1
github.com/blackwell-systems/knowing/internal/context/context.go:1019.2,1019.23 1 1
github.com/blackwell-systems/knowing/internal/context/context.go:1019.23,1021.3 1 1
[...]
github.com/blackwell-systems/knowing/cmd/knowing/roster.go:233.3,236.41 4 0
github.com/blackwell-systems/knowing/cmd/knowing/roster.go:238.2,238.12 1 0
github.com/blackwell-systems/knowing/cmd/knowing/setup.go:35.36,41.39 6 0
github.com/blackwell-systems/knowing/cmd/knowing/setup.go:41.39,43.3 1 0
github.com/blackwell-systems/knowing/cmd/knowing/setup.go:46.2,47.19 2 0
github.com/blackwell-systems/knowing/cmd/knowing/setup.go:47.19,49.3 1 0
github.com/blackwell-systems/knowing/cmd/knowing/setup.go:50.2,51.16 2 0
github.com/blackwell-systems/knowing/cmd/knowing/setup.go:51.16,53.3 1 0
github.com/blackwell-systems/knowing/cmd/knowing/setup.go:55.2,59.19 3 0
github.com/blackwell-systems/knowing/cmd/knowing/setup.go:59.19,62.3 2 0
github.com/blackwell-systems/knowing/cmd/knowing/setup.go:62.8,64.3 1 0
github.com/blackwell-systems/knowing/cmd/knowing/setup.go:66.2,66.20 1 0
github.com/blackwell-systems/knowing/cmd/knowing/setup.go:66.20,68.3 1 0
github.com/blackwell-systems/knowing/cmd/knowing/setup.go:69.2,69.20 1 0
github.com/blackwell-systems/knowing/cmd/knowing/setup.go:69.20,71.3 1 0
github.com/blackwell-systems/knowing/cmd/knowing/setup.go:72.2,74.19 2 0
github.com/blackwell-systems/knowing/cmd/knowing/setup.go:74.19,76.3 1 0
github.com/blackwell-systems/knowing/cmd/knowing/setup.go:79.2,79.55 1 0
github.com/blackwell-systems/knowing/cmd/knowing/setup.go:79.55,81.3 1 0
github.com/blackwell-systems/knowing/cmd/knowing/setup.go:81.8,83.3 1 0
github.com/blackwell-systems/knowing/cmd/knowing/setup.go:86.2,88.16 3 0
github.com/blackwell-systems/knowing/cmd/knowing/setup.go:88.16,90.3 1 0
github.com/blackwell-systems/knowing/cmd/knowing/setup.go:91.2,99.16 7 0
github.com/blackwell-systems/knowing/cmd/knowing/setup.go:99.16,101.3 1 0
github.com/blackwell-systems/knowing/cmd/knowing/setup.go:102.2,102.17 1 0
github.com/blackwell-systems/knowing/cmd/knowing/setup.go:102.17,104.3 1 0
github.com/blackwell-systems/knowing/cmd/knowing/setup.go:107.2,107.18 1 0
github.com/blackwell-systems/knowing/cmd/knowing/setup.go:107.18,110.30 3 0
github.com/blackwell-systems/knowing/cmd/knowing/setup.go:110.30,111.37 1 0
github.com/blackwell-systems/knowing/cmd/knowing/setup.go:111.37,113.5 1 0
github.com/blackwell-systems/knowing/cmd/knowing/setup.go:114.4,118.54 5 0
github.com/blackwell-systems/knowing/cmd/knowing/setup.go:118.54,120.5 1 0
github.com/blackwell-systems/knowing/cmd/knowing/setup.go:121.9,123.4 1 0
github.com/blackwell-systems/knowing/cmd/knowing/setup.go:124.8,126.3 1 0
github.com/blackwell-systems/knowing/cmd/knowing/setup.go:129.2,131.16 3 0
github.com/blackwell-systems/knowing/cmd/knowing/setup.go:131.16,133.3 1 0
github.com/blackwell-systems/knowing/cmd/knowing/setup.go:134.2,135.67 2 0
github.com/blackwell-systems/knowing/cmd/knowing/setup.go:135.67,137.3 1 0
github.com/blackwell-systems/knowing/cmd/knowing/setup.go:138.2,141.15 2 0
github.com/blackwell-systems/knowing/cmd/knowing/setup.go:141.15,143.53 2 0
github.com/blackwell-systems/knowing/cmd/knowing/setup.go:143.53,145.4 1 0
github.com/blackwell-systems/knowing/cmd/knowing/setup.go:145.9,147.4 1 0
github.com/blackwell-systems/knowing/cmd/knowing/setup.go:148.8,150.3 1 0
github.com/blackwell-systems/knowing/cmd/knowing/setup.go:153.2,164.12 11 0
github.com/blackwell-systems/knowing/cmd/knowing/setup.go:168.45,172.16 4 0
github.com/blackwell-systems/knowing/cmd/knowing/setup.go:172.16,174.3 1 0
github.com/blackwell-systems/knowing/cmd/knowing/setup.go:175.2,175.39 1 0
github.com/blackwell-systems/knowing/cmd/knowing/setup.go:179.43,183.16 4 0
github.com/blackwell-systems/knowing/cmd/knowing/setup.go:183.16,185.3 1 0
github.com/blackwell-systems/knowing/cmd/knowing/setup.go:186.2,189.36 3 0
github.com/blackwell-systems/knowing/cmd/knowing/setup.go:189.36,193.3 2 0
github.com/blackwell-systems/knowing/cmd/knowing/setup.go:194.2,196.12 3 0
github.com/blackwell-systems/knowing/cmd/knowing/setup.go:200.46,202.16 2 0
github.com/blackwell-systems/knowing/cmd/knowing/setup.go:202.16,204.3 1 0
github.com/blackwell-systems/knowing/cmd/knowing/setup.go:206.2,208.16 3 0
github.com/blackwell-systems/knowing/cmd/knowing/setup.go:208.16,210.3 1 0
github.com/blackwell-systems/knowing/cmd/knowing/setup.go:212.2,217.16 4 0
github.com/blackwell-systems/knowing/cmd/knowing/setup.go:217.16,218.25 1 0
github.com/blackwell-systems/knowing/cmd/knowing/setup.go:218.25,220.4 1 0
github.com/blackwell-systems/knowing/cmd/knowing/setup.go:220.9,222.4 1 0
github.com/blackwell-systems/knowing/cmd/knowing/setup.go:223.8,224.55 1 0
github.com/blackwell-systems/knowing/cmd/knowing/setup.go:224.55,226.4 1 0
github.com/blackwell-systems/knowing/cmd/knowing/setup.go:230.2,231.9 2 0
github.com/blackwell-systems/knowing/cmd/knowing/setup.go:231.9,234.3 2 0
github.com/blackwell-systems/knowing/cmd/knowing/setup.go:237.2,237.48 1 0
github.com/blackwell-systems/knowing/cmd/knowing/setup.go:237.48,240.3 2 0
github.com/blackwell-systems/knowing/cmd/knowing/setup.go:243.2,254.16 3 0
github.com/blackwell-systems/knowing/cmd/knowing/setup.go:254.16,256.3 1 0
github.com/blackwell-systems/knowing/cmd/knowing/setup.go:257.2,257.44 1 0
github.com/blackwell-systems/knowing/cmd/knowing/testscope.go:26.40,32.39 6 0
github.com/blackwell-systems/knowing/cmd/knowing/testscope.go:32.39,34.3 1 0
github.com/blackwell-systems/knowing/cmd/knowing/testscope.go:36.2,36.52 1 0
github.com/blackwell-systems/knowing/cmd/knowing/testscope.go:36.52,38.3 1 0
github.com/blackwell-systems/knowing/cmd/knowing/testscope.go:40.2,41.16 2 0
github.com/blackwell-systems/knowing/cmd/knowing/testscope.go:41.16,43.3 1 0
github.com/blackwell-systems/knowing/cmd/knowing/testscope.go:44.2,48.18 3 0
github.com/blackwell-systems/knowing/cmd/knowing/testscope.go:48.18,49.48 1 0
github.com/blackwell-systems/knowing/cmd/knowing/testscope.go:49.48,51.15 2 0
github.com/blackwell-systems/knowing/cmd/knowing/testscope.go:51.15,53.5 1 0
github.com/blackwell-systems/knowing/cmd/knowing/testscope.go:55.8,57.17 2 0
github.com/blackwell-systems/knowing/cmd/knowing/testscope.go:57.17,59.4 1 0
github.com/blackwell-systems/knowing/cmd/knowing/testscope.go:62.2,62.28 1 0
github.com/blackwell-systems/knowing/cmd/knowing/testscope.go:62.28,64.3 1 0
github.com/blackwell-systems/knowing/cmd/knowing/testscope.go:66.2,70.16 3 0
github.com/blackwell-systems/knowing/cmd/knowing/testscope.go:70.16,72.3 1 0
github.com/blackwell-systems/knowing/cmd/knowing/testscope.go:74.2,74.30 1 0
github.com/blackwell-systems/knowing/cmd/knowing/testscope.go:74.30,76.3 1 0
github.com/blackwell-systems/knowing/cmd/knowing/testscope.go:79.2,80.16 2 0
github.com/blackwell-systems/knowing/cmd/knowing/testscope.go:80.16,82.3 1 0
github.com/blackwell-systems/knowing/cmd/knowing/testscope.go:84.2,84.21 1 0
github.com/blackwell-systems/knowing/cmd/knowing/testscope.go:84.21,86.3 1 0
github.com/blackwell-systems/knowing/cmd/knowing/testscope.go:89.2,89.21 1 0
github.com/blackwell-systems/knowing/cmd/knowing/testscope.go:90.18,92.26 2 0
github.com/blackwell-systems/knowing/cmd/knowing/testscope.go:92.26,94.4 1 0
github.com/blackwell-systems/knowing/cmd/knowing/testscope.go:95.19,96.27 1 0
github.com/blackwell-systems/knowing/cmd/knowing/testscope.go:96.27,98.4 1 0
github.com/blackwell-systems/knowing/cmd/knowing/testscope.go:99.13,102.27 2 0
github.com/blackwell-systems/knowing/cmd/knowing/testscope.go:102.27,104.18 2 0
github.com/blackwell-systems/knowing/cmd/knowing/testscope.go:104.18,106.5 1 0
github.com/blackwell-systems/knowing/cmd/knowing/testscope.go:108.3,108.21 1 0
github.com/blackwell-systems/knowing/cmd/knowing/testscope.go:108.21,110.4 1 0
github.com/blackwell-systems/knowing/cmd/knowing/testscope.go:111.10,112.92 1 0
github.com/blackwell-systems/knowing/cmd/knowing/testscope.go:115.2,115.12 1 0
github.com/blackwell-systems/knowing/cmd/knowing/testscope.go:119.42,122.16 3 0
github.com/blackwell-systems/knowing/cmd/knowing/testscope.go:122.16,126.17 3 0
github.com/blackwell-systems/knowing/cmd/knowing/testscope.go:126.17,128.4 1 0
github.com/blackwell-systems/knowing/cmd/knowing/testscope.go:131.2,132.75 2 0
github.com/blackwell-systems/knowing/cmd/knowing/testscope.go:132.75,136.72 2 0
github.com/blackwell-systems/knowing/cmd/knowing/testscope.go:136.72,138.4 1 0
github.com/blackwell-systems/knowing/cmd/knowing/testscope.go:140.2,140.19 1 0
github.com/blackwell-systems/knowing/cmd/knowing/testscope.go:144.103,147.35 2 0
github.com/blackwell-systems/knowing/cmd/knowing/testscope.go:147.35,149.3 1 0
github.com/blackwell-systems/knowing/cmd/knowing/testscope.go:150.2,155.29 4 0
github.com/blackwell-systems/knowing/cmd/knowing/testscope.go:155.29,157.17 2 0
github.com/blackwell-systems/knowing/cmd/knowing/testscope.go:157.17,159.4 1 0
github.com/blackwell-systems/knowing/cmd/knowing/testscope.go:160.3,160.27 1 0
github.com/blackwell-systems/knowing/cmd/knowing/testscope.go:160.27,161.25 1 0
github.com/blackwell-systems/knowing/cmd/knowing/testscope.go:161.25,164.5 2 0
github.com/blackwell-systems/knowing/cmd/knowing/testscope.go:168.2,168.21 1 0
github.com/blackwell-systems/knowing/cmd/knowing/testscope.go:173.133,180.35 4 0
github.com/blackwell-systems/knowing/cmd/knowing/testscope.go:180.35,185.24 3 0
github.com/blackwell-systems/knowing/cmd/knowing/testscope.go:185.24,187.4 1 0
github.com/blackwell-systems/knowing/cmd/knowing/testscope.go:191.2,191.65 1 0
github.com/blackwell-systems/knowing/cmd/knowing/testscope.go:191.65,193.37 2 0
github.com/blackwell-systems/knowing/cmd/knowing/testscope.go:193.37,196.18 2 0
github.com/blackwell-systems/knowing/cmd/knowing/testscope.go:196.18,197.13 1 0
github.com/blackwell-systems/knowing/cmd/knowing/testscope.go:199.4,199.33 1 0
github.com/blackwell-systems/knowing/cmd/knowing/testscope.go:199.33,200.33 1 0
github.com/blackwell-systems/knowing/cmd/knowing/testscope.go:200.33,201.14 1 0
github.com/blackwell-systems/knowing/cmd/knowing/testscope.go:203.5,206.36 3 0
github.com/blackwell-systems/knowing/cmd/knowing/testscope.go:206.36,207.14 1 0
github.com/blackwell-systems/knowing/cmd/knowing/testscope.go:210.5,210.32 1 0
github.com/blackwell-systems/knowing/cmd/knowing/testscope.go:210.32,212.6 1 0
github.com/blackwell-systems/knowing/cmd/knowing/testscope.go:212.11,215.6 1 0
github.com/blackwell-systems/knowing/cmd/knowing/testscope.go:218.3,218.26 1 0
github.com/blackwell-systems/knowing/cmd/knowing/testscope.go:221.2,221.19 1 0
github.com/blackwell-systems/knowing/cmd/knowing/testscope.go:225.40,226.26 1 0
github.com/blackwell-systems/knowing/cmd/knowing/testscope.go:226.26,228.3 1 0
github.com/blackwell-systems/knowing/cmd/knowing/testscope.go:229.2,230.80 2 0
github.com/blackwell-systems/knowing/cmd/knowing/testscope.go:234.40,236.17 2 0
github.com/blackwell-systems/knowing/cmd/knowing/testscope.go:236.17,238.3 1 0
github.com/blackwell-systems/knowing/cmd/knowing/testscope.go:239.2,239.26 1 0
github.com/blackwell-systems/knowing/cmd/knowing/testscope.go:243.54,247.26 3 0
github.com/blackwell-systems/knowing/cmd/knowing/testscope.go:247.26,249.30 2 0
github.com/blackwell-systems/knowing/cmd/knowing/testscope.go:249.30,252.4 2 0
github.com/blackwell-systems/knowing/cmd/knowing/testscope.go:254.2,254.13 1 0
github.com/blackwell-systems/knowing/cmd/knowing/testscope.go:259.48,261.13 2 0
github.com/blackwell-systems/knowing/cmd/knowing/testscope.go:261.13,263.3 1 0
github.com/blackwell-systems/knowing/cmd/knowing/testscope.go:264.2,268.17 4 0
github.com/blackwell-systems/knowing/cmd/knowing/testscope.go:268.17,270.3 1 0
github.com/blackwell-systems/knowing/cmd/knowing/testscope.go:271.2,274.45 2 0
github.com/blackwell-systems/knowing/cmd/knowing/testscope.go:274.45,276.3 1 0
github.com/blackwell-systems/knowing/cmd/knowing/testscope.go:277.2,277.24 1 0
github.com/blackwell-systems/knowing/cmd/knowing/testscope.go:277.24,279.3 1 0
github.com/blackwell-systems/knowing/cmd/knowing/testscope.go:281.2,281.23 1 0
github.com/blackwell-systems/knowing/cmd/knowing/watch.go:29.36,35.39 6 0
github.com/blackwell-systems/knowing/cmd/knowing/watch.go:35.39,37.3 1 0
github.com/blackwell-systems/knowing/cmd/knowing/watch.go:39.2,39.19 1 0
github.com/blackwell-systems/knowing/cmd/knowing/watch.go:39.19,41.3 1 0
github.com/blackwell-systems/knowing/cmd/knowing/watch.go:42.2,43.16 2 0
github.com/blackwell-systems/knowing/cmd/knowing/watch.go:43.16,45.3 1 0
github.com/blackwell-systems/knowing/cmd/knowing/watch.go:48.2,48.20 1 0
github.com/blackwell-systems/knowing/cmd/knowing/watch.go:48.20,50.3 1 0
github.com/blackwell-systems/knowing/cmd/knowing/watch.go:52.2,53.16 2 0
github.com/blackwell-systems/knowing/cmd/knowing/watch.go:53.16,55.3 1 0
github.com/blackwell-systems/knowing/cmd/knowing/watch.go:56.2,69.12 10 0
github.com/blackwell-systems/knowing/cmd/knowing/watch.go:69.12,73.3 3 0
github.com/blackwell-systems/knowing/cmd/knowing/watch.go:75.2,76.16 2 0
github.com/blackwell-systems/knowing/cmd/knowing/watch.go:76.16,78.3 1 0
github.com/blackwell-systems/knowing/cmd/knowing/watch.go:79.2,84.6 4 0
github.com/blackwell-systems/knowing/cmd/knowing/watch.go:84.6,85.10 1 0
github.com/blackwell-systems/knowing/cmd/knowing/watch.go:86.21,87.14 1 0
github.com/blackwell-systems/knowing/cmd/knowing/watch.go:88.30,89.23 1 0
github.com/blackwell-systems/knowing/cmd/knowing/watch.go:89.23,90.13 1 0
github.com/blackwell-systems/knowing/cmd/knowing/watch.go:93.4,94.28 2 0
github.com/blackwell-systems/knowing/cmd/knowing/watch.go:94.28,96.19 2 0
github.com/blackwell-systems/knowing/cmd/knowing/watch.go:96.19,98.6 1 0
github.com/blackwell-systems/knowing/cmd/knowing/watch.go:100.4,100.21 1 0
github.com/blackwell-systems/knowing/cmd/knowing/watch.go:100.21,101.13 1 0
github.com/blackwell-systems/knowing/cmd/knowing/watch.go:104.4,108.67 4 0
github.com/blackwell-systems/knowing/cmd/knowing/watch.go:108.67,110.5 1 0
github.com/blackwell-systems/knowing/cmd/knowing/watch.go:111.4,112.18 2 0
github.com/blackwell-systems/knowing/cmd/knowing/watch.go:112.18,114.13 2 0
github.com/blackwell-systems/knowing/cmd/knowing/watch.go:116.4,120.18 2 0
github.com/blackwell-systems/knowing/cmd/knowing/watch.go:120.18,121.31 1 0
github.com/blackwell-systems/knowing/cmd/knowing/watch.go:121.31,123.71 2 0
github.com/blackwell-systems/knowing/cmd/knowing/watch.go:123.71,125.7 1 0
github.com/blackwell-systems/knowing/cmd/knowing/watch.go:126.6,126.25 1 0
github.com/blackwell-systems/knowing/cmd/knowing/watch.go:160.80,162.16 2 0
github.com/blackwell-systems/knowing/cmd/knowing/watch.go:162.16,164.3 1 0
github.com/blackwell-systems/knowing/cmd/knowing/watch.go:166.2,176.81 3 0
github.com/blackwell-systems/knowing/cmd/knowing/watch.go:176.81,177.17 1 0
github.com/blackwell-systems/knowing/cmd/knowing/watch.go:177.17,179.4 1 0
github.com/blackwell-systems/knowing/cmd/knowing/watch.go:180.3,180.19 1 0
github.com/blackwell-systems/knowing/cmd/knowing/watch.go:180.19,181.31 1 0
github.com/blackwell-systems/knowing/cmd/knowing/watch.go:181.31,183.5 1 0
github.com/blackwell-systems/knowing/cmd/knowing/watch.go:184.4,184.38 1 0
github.com/blackwell-systems/knowing/cmd/knowing/watch.go:184.38,186.5 1 0
github.com/blackwell-systems/knowing/cmd/knowing/watch.go:187.4,187.14 1 0
github.com/blackwell-systems/knowing/cmd/knowing/watch.go:189.3,189.13 1 0
github.com/blackwell-systems/knowing/cmd/knowing/watch.go:191.2,191.16 1 0
github.com/blackwell-systems/knowing/cmd/knowing/watch.go:191.16,194.3 2 0
github.com/blackwell-systems/knowing/cmd/knowing/watch.go:196.2,198.16 3 0
github.com/blackwell-systems/knowing/cmd/knowing/watch.go:201.49,203.2 1 0
github.com/blackwell-systems/knowing/cmd/knowing/watch.go:205.38,208.2 2 0
github.com/blackwell-systems/knowing/cmd/knowing/watch.go:210.31,215.6 4 0
github.com/blackwell-systems/knowing/cmd/knowing/watch.go:215.6,216.10 1 0
github.com/blackwell-systems/knowing/cmd/knowing/watch.go:217.18,218.10 1 0
github.com/blackwell-systems/knowing/cmd/knowing/watch.go:219.41,220.11 1 0
github.com/blackwell-systems/knowing/cmd/knowing/watch.go:220.11,222.5 1 0
github.com/blackwell-systems/knowing/cmd/knowing/watch.go:224.4,224.54 1 0
github.com/blackwell-systems/knowing/cmd/knowing/watch.go:224.54,225.13 1 0
github.com/blackwell-systems/knowing/cmd/knowing/watch.go:228.4,228.33 1 0
github.com/blackwell-systems/knowing/cmd/knowing/watch.go:228.33,229.13 1 0
github.com/blackwell-systems/knowing/cmd/knowing/watch.go:232.4,236.20 3 0
github.com/blackwell-systems/knowing/cmd/knowing/watch.go:236.20,238.5 1 0
github.com/blackwell-systems/knowing/cmd/knowing/watch.go:239.4,239.47 1 0
github.com/blackwell-systems/knowing/cmd/knowing/watch.go:239.47,242.28 3 0
github.com/blackwell-systems/knowing/cmd/knowing/watch.go:242.28,244.6 1 0
github.com/blackwell-systems/knowing/cmd/knowing/watch.go:245.5,248.23 3 0
github.com/blackwell-systems/knowing/cmd/knowing/watch.go:248.23,250.6 1 0
github.com/blackwell-systems/knowing/cmd/knowing/watch.go:252.4,252.15 1 0
github.com/blackwell-systems/knowing/cmd/knowing/watch.go:254.39,255.11 1 0
github.com/blackwell-systems/knowing/cmd/knowing/watch.go:255.11,257.5 1 0
github.com/blackwell-systems/knowing/cmd/knowing/watch.go:258.4,258.40 1 0
github.com/blackwell-systems/knowing/cmd/knowing/watch.go:264.37,267.28 2 0
github.com/blackwell-systems/knowing/cmd/knowing/watch.go:267.28,269.3 1 0
github.com/blackwell-systems/knowing/cmd/knowing/watch.go:270.2,271.30 2 0
github.com/blackwell-systems/knowing/cmd/knowing/why.go:16.34,21.39 5 0
github.com/blackwell-systems/knowing/cmd/knowing/why.go:21.39,23.3 1 0
github.com/blackwell-systems/knowing/cmd/knowing/why.go:26.2,26.36 1 0
github.com/blackwell-systems/knowing/cmd/knowing/why.go:26.36,28.3 1 0
github.com/blackwell-systems/knowing/cmd/knowing/why.go:30.2,30.17 1 0
github.com/blackwell-systems/knowing/cmd/knowing/why.go:30.17,32.3 1 0
github.com/blackwell-systems/knowing/cmd/knowing/why.go:33.2,33.19 1 0
github.com/blackwell-systems/knowing/cmd/knowing/why.go:33.19,35.3 1 0
github.com/blackwell-systems/knowing/cmd/knowing/why.go:37.2,38.16 2 0
github.com/blackwell-systems/knowing/cmd/knowing/why.go:38.16,40.3 1 0
github.com/blackwell-systems/knowing/cmd/knowing/why.go:41.2,47.16 5 0
github.com/blackwell-systems/knowing/cmd/knowing/why.go:47.16,49.3 1 0
github.com/blackwell-systems/knowing/cmd/knowing/why.go:51.2,52.12 2 0
github.com/blackwell-systems/knowing/cmd/knowing/why.go:55.48,58.23 3 0
github.com/blackwell-systems/knowing/cmd/knowing/why.go:58.23,60.3 1 0
github.com/blackwell-systems/knowing/cmd/knowing/why.go:61.2,63.16 2 0
github.com/blackwell-systems/knowing/cmd/knowing/why.go:63.16,66.21 3 0
github.com/blackwell-systems/knowing/cmd/knowing/why.go:66.21,68.4 1 0
github.com/blackwell-systems/knowing/cmd/knowing/why.go:69.3,70.9 2 0
github.com/blackwell-systems/knowing/cmd/knowing/why.go:73.2,79.14 5 0
github.com/blackwell-systems/knowing/cmd/knowing/why.go:79.14,81.3 1 0
github.com/blackwell-systems/knowing/cmd/knowing/why.go:81.8,83.3 1 0
github.com/blackwell-systems/knowing/cmd/knowing/why.go:84.2,85.22 2 0
github.com/blackwell-systems/knowing/cmd/knowing/why.go:85.22,87.3 1 0
github.com/blackwell-systems/knowing/cmd/knowing/why.go:88.2,88.29 1 0
github.com/blackwell-systems/knowing/cmd/knowing/why.go:88.29,90.3 1 0
github.com/blackwell-systems/knowing/cmd/knowing/why.go:91.2,102.32 8 0
github.com/blackwell-systems/knowing/cmd/knowing/why.go:102.32,104.3 1 0
github.com/blackwell-systems/knowing/cmd/knowing/why.go:105.2,105.31 1 0
github.com/blackwell-systems/knowing/cmd/knowing/why.go:105.31,107.3 1 0
github.com/blackwell-systems/knowing/cmd/knowing/why.go:108.2,113.42 4 0
github.com/blackwell-systems/knowing/cmd/knowing/why.go:113.42,116.24 3 0
github.com/blackwell-systems/knowing/cmd/knowing/why.go:116.24,118.4 1 0
github.com/blackwell-systems/knowing/cmd/knowing/why.go:122.28,123.7 1 0
github.com/blackwell-systems/knowing/cmd/knowing/why.go:123.7,125.3 1 0
github.com/blackwell-systems/knowing/cmd/knowing/why.go:126.2,126.10 1 0
